🎊 Successfully started run 4938555270883541928
[92mINFO [0m:      Starting Flower Simulation
Successfully installed quickstart-pytorch to /home/rruiz/.flwr/apps/flwrlabs.quickstart-pytorch.1.1.1.2ac1950c.
[INFO] Federated algorithm mode: fedavg
[INFO] Server strategy mode: fedavg
[93mWARNING [0m:   fraction_evaluate is set to 0.0. Federated evaluation will be skipped.
[92mINFO [0m:      Starting FedAvg strategy:
[92mINFO [0m:      	├── Number of rounds: 20
[92mINFO [0m:      	├── ArrayRecord (42.68 MB)
[92mINFO [0m:      	├── ConfigRecord (train): {'lr': 0.03}
[92mINFO [0m:      	├── ConfigRecord (evaluate): (empty!)
[92mINFO [0m:      	├──> Sampling:
[92mINFO [0m:      	│	├──Fraction: train (1.00) | evaluate ( 0.00)
[92mINFO [0m:      	│	├──Minimum nodes: train (1) | evaluate (0)
[92mINFO [0m:      	│	└──Minimum available nodes: 1
[92mINFO [0m:      	└──> Keys in records:
[92mINFO [0m:      		├── Weighted by: 'num-examples'
[92mINFO [0m:      		├── ArrayRecord key: 'arrays'
[92mINFO [0m:      		└── ConfigRecord key: 'config'
[92mINFO [0m:      
Warning: You are sending unauthenticated requests to the HF Hub. Please set a HF_TOKEN to enable higher rate limits and faster downloads.
/home/rruiz/Privacy-and-Security-Evaluation-of-Federated-Learning/.venv/lib/python3.12/site-packages/ray/_private/worker.py:2051: FutureWarning: Tip: In future versions of Ray, Ray will no longer override accelerator visible devices env var if num_gpus=0 or num_gpus=None (default). To enable this behavior and turn off this error message, set RAY_ACCEL_ENV_VAR_OVERRIDE_ON_ZERO=0
  warnings.warn(
Server-side evaluation round 0: loss=2.9329, accuracy=0.1000
[92mINFO [0m:      Initial global evaluation results: {'accuracy': 0.1, 'loss': 2.9328789893229295}
[92mINFO [0m:      
[92mINFO [0m:      [ROUND 1/20]
[92mINFO [0m:      configure_train: Sampled 6 nodes (out of 6)
[36m(ClientAppActor pid=32479)[0m Warning: You are sending unauthenticated requests to the HF Hub. Please set a HF_TOKEN to enable higher rate limits and faster downloads.
[36m(pid=gcs_server)[0m [2026-06-14 20:23:26,296 E 31800 31800] (gcs_server) gcs_server.cc:302: Failed to establish connection to the event+metrics exporter agent. Events and metrics will not be exported. Exporter agent status: RpcError: Running out of retries to initialize the metrics agent. rpc_code: 14
[36m(ClientAppActor pid=32477)[0m Warning: You are sending unauthenticated requests to the HF Hub. Please set a HF_TOKEN to enable higher rate limits and faster downloads.[32m [repeated 3x across cluster] (Ray deduplicates logs by default. Set RAY_DEDUP_LOGS=0 to disable log deduplication, or see https://docs.ray.io/en/master/ray-observability/user-guides/configure-logging.html#log-deduplication for more options.)[0m
[33m(raylet)[0m [2026-06-14 20:23:27,020 E 32029 32029] (raylet) main.cc:975: Failed to establish connection to the metrics exporter agent. Metrics will not be exported. Exporter agent status: RpcError: Running out of retries to initialize the metrics agent. rpc_code: 14
[36m(pid=32116)[0m [2026-06-14 20:23:27,455 E 32116 32257] core_worker_process.cc:825: Failed to establish connection to the metrics exporter agent. Metrics will not be exported. Exporter agent status: RpcError: Running out of retries to initialize the metrics agent. rpc_code: 14
[92mINFO [0m:      aggregate_train: Received 6 results and 0 failures
[92mINFO [0m:      	└──> Aggregated MetricRecord: {'train_loss': 2.0147179477987187, 'update_norm': 14.261464871777983, 'clipping_scale': 0.8414601233571499, 'noise_std': 0.0}
[92mINFO [0m:      Global evaluation
Server-side evaluation round 1: loss=2.3854, accuracy=0.1006
[92mINFO [0m:      	└──> MetricRecord: {'accuracy': 0.1006, 'loss': 2.385368552177575}
[92mINFO [0m:      
[92mINFO [0m:      [ROUND 2/20]
[92mINFO [0m:      configure_train: Sampled 6 nodes (out of 6)
[92mINFO [0m:      aggregate_train: Received 6 results and 0 failures
[92mINFO [0m:      	└──> Aggregated MetricRecord: {'train_loss': 1.7474445392201299, 'update_norm': 11.14722322710717, 'clipping_scale': 0.9999999999999998, 'noise_std': 0.0}
[92mINFO [0m:      Global evaluation
Server-side evaluation round 2: loss=1.6716, accuracy=0.3767
[92mINFO [0m:      	└──> MetricRecord: {'accuracy': 0.3767, 'loss': 1.6715758249258539}
[92mINFO [0m:      
[92mINFO [0m:      [ROUND 3/20]
[92mINFO [0m:      configure_train: Sampled 6 nodes (out of 6)
[92mINFO [0m:      aggregate_train: Received 6 results and 0 failures
[92mINFO [0m:      	└──> Aggregated MetricRecord: {'train_loss': 1.4802371042763802, 'update_norm': 10.003649935065953, 'clipping_scale': 1.0, 'noise_std': 0.0}
[92mINFO [0m:      Global evaluation
Server-side evaluation round 3: loss=1.2408, accuracy=0.5543
[92mINFO [0m:      	└──> MetricRecord: {'accuracy': 0.5543, 'loss': 1.2408382493978853}
[92mINFO [0m:      
[92mINFO [0m:      [ROUND 4/20]
[92mINFO [0m:      configure_train: Sampled 6 nodes (out of 6)
[92mINFO [0m:      aggregate_train: Received 6 results and 0 failures
[92mINFO [0m:      	└──> Aggregated MetricRecord: {'train_loss': 1.2645541327385945, 'update_norm': 9.683505669624378, 'clipping_scale': 1.0, 'noise_std': 0.0}
[92mINFO [0m:      Global evaluation
Server-side evaluation round 4: loss=1.0774, accuracy=0.6112
[92mINFO [0m:      	└──> MetricRecord: {'accuracy': 0.6112, 'loss': 1.0774108380269094}
[92mINFO [0m:      
[92mINFO [0m:      [ROUND 5/20]
[92mINFO [0m:      configure_train: Sampled 6 nodes (out of 6)
[92mINFO [0m:      aggregate_train: Received 6 results and 0 failures
[92mINFO [0m:      	└──> Aggregated MetricRecord: {'train_loss': 1.1022340474287826, 'update_norm': 9.402915928743978, 'clipping_scale': 0.9999999999999998, 'noise_std': 0.0}
[92mINFO [0m:      Global evaluation
Server-side evaluation round 5: loss=0.9751, accuracy=0.6579
[92mINFO [0m:      	└──> MetricRecord: {'accuracy': 0.6579, 'loss': 0.9751130779078052}
[92mINFO [0m:      
[92mINFO [0m:      [ROUND 6/20]
[92mINFO [0m:      configure_train: Sampled 6 nodes (out of 6)
[92mINFO [0m:      aggregate_train: Received 6 results and 0 failures
[92mINFO [0m:      	└──> Aggregated MetricRecord: {'train_loss': 0.9808401178043583, 'update_norm': 9.336315128372767, 'clipping_scale': 0.9999999999999998, 'noise_std': 0.0}
[92mINFO [0m:      Global evaluation
Server-side evaluation round 6: loss=0.8720, accuracy=0.6952
[92mINFO [0m:      	└──> MetricRecord: {'accuracy': 0.6952, 'loss': 0.8719974959352214}
[92mINFO [0m:      
[92mINFO [0m:      [ROUND 7/20]
[92mINFO [0m:      configure_train: Sampled 6 nodes (out of 6)
[92mINFO [0m:      aggregate_train: Received 6 results and 0 failures
[92mINFO [0m:      	└──> Aggregated MetricRecord: {'train_loss': 0.8815229433563893, 'update_norm': 9.352579035349587, 'clipping_scale': 0.9999999999999998, 'noise_std': 0.0}
[92mINFO [0m:      Global evaluation
Server-side evaluation round 7: loss=0.7529, accuracy=0.7361
[92mINFO [0m:      	└──> MetricRecord: {'accuracy': 0.7361, 'loss': 0.7528678304070879}
[92mINFO [0m:      
[92mINFO [0m:      [ROUND 8/20]
[92mINFO [0m:      configure_train: Sampled 6 nodes (out of 6)
[92mINFO [0m:      aggregate_train: Received 6 results and 0 failures
[92mINFO [0m:      	└──> Aggregated MetricRecord: {'train_loss': 0.7996169012430269, 'update_norm': 9.4704776483331, 'clipping_scale': 1.0, 'noise_std': 0.0}
[92mINFO [0m:      Global evaluation
Server-side evaluation round 8: loss=0.6749, accuracy=0.7635
[92mINFO [0m:      	└──> MetricRecord: {'accuracy': 0.7635, 'loss': 0.6749345772205644}
[92mINFO [0m:      
[92mINFO [0m:      [ROUND 9/20]
[92mINFO [0m:      configure_train: Sampled 6 nodes (out of 6)
[92mINFO [0m:      aggregate_train: Received 6 results and 0 failures
[92mINFO [0m:      	└──> Aggregated MetricRecord: {'train_loss': 0.7297310116196167, 'update_norm': 9.716307072897209, 'clipping_scale': 1.0, 'noise_std': 0.0}
[92mINFO [0m:      Global evaluation
Server-side evaluation round 9: loss=0.6422, accuracy=0.7814
[92mINFO [0m:      	└──> MetricRecord: {'accuracy': 0.7814, 'loss': 0.6421797962705041}
[92mINFO [0m:      
[92mINFO [0m:      [ROUND 10/20]
[92mINFO [0m:      configure_train: Sampled 6 nodes (out of 6)
[92mINFO [0m:      aggregate_train: Received 6 results and 0 failures
[92mINFO [0m:      	└──> Aggregated MetricRecord: {'train_loss': 0.6754345229056714, 'update_norm': 10.09506853931373, 'clipping_scale': 0.9999999999999998, 'noise_std': 0.0}
[92mINFO [0m:      Global evaluation
Server-side evaluation round 10: loss=0.5985, accuracy=0.8005
[92mINFO [0m:      	└──> MetricRecord: {'accuracy': 0.8005, 'loss': 0.5985255412235382}
[92mINFO [0m:      
[92mINFO [0m:      [ROUND 11/20]
[92mINFO [0m:      configure_train: Sampled 6 nodes (out of 6)
[92mINFO [0m:      aggregate_train: Received 6 results and 0 failures
[92mINFO [0m:      	└──> Aggregated MetricRecord: {'train_loss': 0.6274401733944104, 'update_norm': 10.513667285045962, 'clipping_scale': 0.9999999999999998, 'noise_std': 0.0}
[92mINFO [0m:      Global evaluation
Server-side evaluation round 11: loss=0.5578, accuracy=0.8151
[92mINFO [0m:      	└──> MetricRecord: {'accuracy': 0.8151, 'loss': 0.5578455871837155}
[92mINFO [0m:      
[92mINFO [0m:      [ROUND 12/20]
[92mINFO [0m:      configure_train: Sampled 6 nodes (out of 6)
[92mINFO [0m:      aggregate_train: Received 6 results and 0 failures
[92mINFO [0m:      	└──> Aggregated MetricRecord: {'train_loss': 0.5862472115227113, 'update_norm': 10.987605872884547, 'clipping_scale': 1.0, 'noise_std': 0.0}
[92mINFO [0m:      Global evaluation
Server-side evaluation round 12: loss=0.5670, accuracy=0.8136
[92mINFO [0m:      	└──> MetricRecord: {'accuracy': 0.8136, 'loss': 0.5669517244692821}
[92mINFO [0m:      
[92mINFO [0m:      [ROUND 13/20]
[92mINFO [0m:      configure_train: Sampled 6 nodes (out of 6)
[92mINFO [0m:      aggregate_train: Received 6 results and 0 failures
[92mINFO [0m:      	└──> Aggregated MetricRecord: {'train_loss': 0.5484056104718018, 'update_norm': 11.528916213314403, 'clipping_scale': 1.0, 'noise_std': 0.0}
[92mINFO [0m:      Global evaluation
Server-side evaluation round 13: loss=0.5466, accuracy=0.8203
[92mINFO [0m:      	└──> MetricRecord: {'accuracy': 0.8203, 'loss': 0.546553855489014}
[92mINFO [0m:      
[92mINFO [0m:      [ROUND 14/20]
[92mINFO [0m:      configure_train: Sampled 6 nodes (out of 6)
[92mINFO [0m:      aggregate_train: Received 6 results and 0 failures
[92mINFO [0m:      	└──> Aggregated MetricRecord: {'train_loss': 0.5141096280009786, 'update_norm': 12.112152717478175, 'clipping_scale': 0.9908053346724155, 'noise_std': 0.0}
[92mINFO [0m:      Global evaluation
Server-side evaluation round 14: loss=0.5302, accuracy=0.8276
[92mINFO [0m:      	└──> MetricRecord: {'accuracy': 0.8276, 'loss': 0.5302058217252136}
[92mINFO [0m:      
[92mINFO [0m:      [ROUND 15/20]
[92mINFO [0m:      configure_train: Sampled 6 nodes (out of 6)
[92mINFO [0m:      aggregate_train: Received 6 results and 0 failures
[92mINFO [0m:      	└──> Aggregated MetricRecord: {'train_loss': 0.48201768341204304, 'update_norm': 12.654088244878551, 'clipping_scale': 0.9484254181508489, 'noise_std': 0.0}
[92mINFO [0m:      Global evaluation
Server-side evaluation round 15: loss=0.5201, accuracy=0.8334
[92mINFO [0m:      	└──> MetricRecord: {'accuracy': 0.8334, 'loss': 0.520148256307195}
[92mINFO [0m:      
[92mINFO [0m:      [ROUND 16/20]
[92mINFO [0m:      configure_train: Sampled 6 nodes (out of 6)
[92mINFO [0m:      aggregate_train: Received 6 results and 0 failures
[92mINFO [0m:      	└──> Aggregated MetricRecord: {'train_loss': 0.4566936564944159, 'update_norm': 13.223123487302484, 'clipping_scale': 0.9075970565971525, 'noise_std': 0.0}
[92mINFO [0m:      Global evaluation
Server-side evaluation round 16: loss=0.5289, accuracy=0.8351
[92mINFO [0m:      	└──> MetricRecord: {'accuracy': 0.8351, 'loss': 0.5289485148943154}
[92mINFO [0m:      
[92mINFO [0m:      [ROUND 17/20]
[92mINFO [0m:      configure_train: Sampled 6 nodes (out of 6)
[92mINFO [0m:      aggregate_train: Received 6 results and 0 failures
[92mINFO [0m:      	└──> Aggregated MetricRecord: {'train_loss': 0.4294336555955933, 'update_norm': 13.803738906065329, 'clipping_scale': 0.8694331467202236, 'noise_std': 0.0}
[92mINFO [0m:      Global evaluation
Server-side evaluation round 17: loss=0.5117, accuracy=0.8380
[92mINFO [0m:      	└──> MetricRecord: {'accuracy': 0.838, 'loss': 0.5116814913073923}
[92mINFO [0m:      
[92mINFO [0m:      [ROUND 18/20]
[92mINFO [0m:      configure_train: Sampled 6 nodes (out of 6)
[92mINFO [0m:      aggregate_train: Received 6 results and 0 failures
[92mINFO [0m:      	└──> Aggregated MetricRecord: {'train_loss': 0.4086825484261324, 'update_norm': 14.314236245850836, 'clipping_scale': 0.8383722303607561, 'noise_std': 0.0}
[92mINFO [0m:      Global evaluation
Server-side evaluation round 18: loss=0.5016, accuracy=0.8398
[92mINFO [0m:      	└──> MetricRecord: {'accuracy': 0.8398, 'loss': 0.5015774019015063}
[92mINFO [0m:      
[92mINFO [0m:      [ROUND 19/20]
[92mINFO [0m:      configure_train: Sampled 6 nodes (out of 6)
[92mINFO [0m:      aggregate_train: Received 6 results and 0 failures
[92mINFO [0m:      	└──> Aggregated MetricRecord: {'train_loss': 0.3887454260526004, 'update_norm': 14.673632180287221, 'clipping_scale': 0.8178620669391665, 'noise_std': 0.0}
[92mINFO [0m:      Global evaluation
Server-side evaluation round 19: loss=0.5235, accuracy=0.8365
[92mINFO [0m:      	└──> MetricRecord: {'accuracy': 0.8365, 'loss': 0.5234653870011591}
[92mINFO [0m:      
[92mINFO [0m:      [ROUND 20/20]
[92mINFO [0m:      configure_train: Sampled 6 nodes (out of 6)
[92mINFO [0m:      aggregate_train: Received 6 results and 0 failures
[92mINFO [0m:      	└──> Aggregated MetricRecord: {'train_loss': 0.37493317283652694, 'update_norm': 15.190164760861602, 'clipping_scale': 0.7900358401347721, 'noise_std': 0.0}
[92mINFO [0m:      Global evaluation
Server-side evaluation round 20: loss=0.5182, accuracy=0.8374
[92mINFO [0m:      	└──> MetricRecord: {'accuracy': 0.8374, 'loss': 0.5181586328585437}
[92mINFO [0m:      
[92mINFO [0m:      Strategy execution finished in 744.72s
[92mINFO [0m:      
[92mINFO [0m:      Final results:
[92mINFO [0m:      
[92mINFO [0m:      	Global Arrays:
[92mINFO [0m:      		ArrayRecord (42.677 MB)
[92mINFO [0m:      	
[92mINFO [0m:      	Aggregated ClientApp-side Train Metrics:
[92mINFO [0m:      	{ 1: { 'clipping_scale': '8.4146e-01',
[92mINFO [0m:      	       'noise_std': '0.0000e+00',
[92mINFO [0m:      	       'train_loss': '2.0147e+00',
[92mINFO [0m:      	       'update_norm': '1.4261e+01'},
[92mINFO [0m:      	  2: { 'clipping_scale': '1.0000e+00',
[92mINFO [0m:      	       'noise_std': '0.0000e+00',
[92mINFO [0m:      	       'train_loss': '1.7474e+00',
[92mINFO [0m:      	       'update_norm': '1.1147e+01'},
[92mINFO [0m:      	  3: { 'clipping_scale': '1.0000e+00',
[92mINFO [0m:      	       'noise_std': '0.0000e+00',
[92mINFO [0m:      	       'train_loss': '1.4802e+00',
[92mINFO [0m:      	       'update_norm': '1.0004e+01'},
[92mINFO [0m:      	  4: { 'clipping_scale': '1.0000e+00',
[92mINFO [0m:      	       'noise_std': '0.0000e+00',
[92mINFO [0m:      	       'train_loss': '1.2646e+00',
[92mINFO [0m:      	       'update_norm': '9.6835e+00'},
[92mINFO [0m:      	  5: { 'clipping_scale': '1.0000e+00',
[92mINFO [0m:      	       'noise_std': '0.0000e+00',
[92mINFO [0m:      	       'train_loss': '1.1022e+00',
[92mINFO [0m:      	       'update_norm': '9.4029e+00'},
[92mINFO [0m:      	  6: { 'clipping_scale': '1.0000e+00',
[92mINFO [0m:      	       'noise_std': '0.0000e+00',
[92mINFO [0m:      	       'train_loss': '9.8084e-01',
[92mINFO [0m:      	       'update_norm': '9.3363e+00'},
[92mINFO [0m:      	  7: { 'clipping_scale': '1.0000e+00',
[92mINFO [0m:      	       'noise_std': '0.0000e+00',
[92mINFO [0m:      	       'train_loss': '8.8152e-01',
[92mINFO [0m:      	       'update_norm': '9.3526e+00'},
[92mINFO [0m:      	  8: { 'clipping_scale': '1.0000e+00',
[92mINFO [0m:      	       'noise_std': '0.0000e+00',
[92mINFO [0m:      	       'train_loss': '7.9962e-01',
[92mINFO [0m:      	       'update_norm': '9.4705e+00'},
[92mINFO [0m:      	  9: { 'clipping_scale': '1.0000e+00',
[92mINFO [0m:      	       'noise_std': '0.0000e+00',
[92mINFO [0m:      	       'train_loss': '7.2973e-01',
[92mINFO [0m:      	       'update_norm': '9.7163e+00'},
[92mINFO [0m:      	  10: { 'clipping_scale': '1.0000e+00',
[92mINFO [0m:      	        'noise_std': '0.0000e+00',
[92mINFO [0m:      	        'train_loss': '6.7543e-01',
[92mINFO [0m:      	        'update_norm': '1.0095e+01'},
[92mINFO [0m:      	  11: { 'clipping_scale': '1.0000e+00',
[92mINFO [0m:      	        'noise_std': '0.0000e+00',
[92mINFO [0m:      	        'train_loss': '6.2744e-01',
[92mINFO [0m:      	        'update_norm': '1.0514e+01'},
[92mINFO [0m:      	  12: { 'clipping_scale': '1.0000e+00',
[92mINFO [0m:      	        'noise_std': '0.0000e+00',
[92mINFO [0m:      	        'train_loss': '5.8625e-01',
[92mINFO [0m:      	        'update_norm': '1.0988e+01'},
[92mINFO [0m:      	  13: { 'clipping_scale': '1.0000e+00',
[92mINFO [0m:      	        'noise_std': '0.0000e+00',
[92mINFO [0m:      	        'train_loss': '5.4841e-01',
[92mINFO [0m:      	        'update_norm': '1.1529e+01'},
[92mINFO [0m:      	  14: { 'clipping_scale': '9.9081e-01',
[92mINFO [0m:      	        'noise_std': '0.0000e+00',
[92mINFO [0m:      	        'train_loss': '5.1411e-01',
[92mINFO [0m:      	        'update_norm': '1.2112e+01'},
[92mINFO [0m:      	  15: { 'clipping_scale': '9.4843e-01',
[92mINFO [0m:      	        'noise_std': '0.0000e+00',
[92mINFO [0m:      	        'train_loss': '4.8202e-01',
[92mINFO [0m:      	        'update_norm': '1.2654e+01'},
[92mINFO [0m:      	  16: { 'clipping_scale': '9.0760e-01',
[92mINFO [0m:      	        'noise_std': '0.0000e+00',
[92mINFO [0m:      	        'train_loss': '4.5669e-01',
[92mINFO [0m:      	        'update_norm': '1.3223e+01'},
[92mINFO [0m:      	  17: { 'clipping_scale': '8.6943e-01',
[92mINFO [0m:      	        'noise_std': '0.0000e+00',
[92mINFO [0m:      	        'train_loss': '4.2943e-01',
[92mINFO [0m:      	        'update_norm': '1.3804e+01'},
[92mINFO [0m:      	  18: { 'clipping_scale': '8.3837e-01',
[92mINFO [0m:      	        'noise_std': '0.0000e+00',
[92mINFO [0m:      	        'train_loss': '4.0868e-01',
[92mINFO [0m:      	        'update_norm': '1.4314e+01'},
[92mINFO [0m:      	  19: { 'clipping_scale': '8.1786e-01',
[92mINFO [0m:      	        'noise_std': '0.0000e+00',
[92mINFO [0m:      	        'train_loss': '3.8875e-01',
[92mINFO [0m:      	        'update_norm': '1.4674e+01'},
[92mINFO [0m:      	  20: { 'clipping_scale': '7.9004e-01',
[92mINFO [0m:      	        'noise_std': '0.0000e+00',
[92mINFO [0m:      	        'train_loss': '3.7493e-01',
[92mINFO [0m:      	        'update_norm': '1.5190e+01'}}
[92mINFO [0m:      	
[92mINFO [0m:      	Aggregated ClientApp-side Evaluate Metrics:
[92mINFO [0m:      	{}
[92mINFO [0m:      	
[92mINFO [0m:      	ServerApp-side Evaluate Metrics:
[92mINFO [0m:      	{ 0: {'accuracy': '1.0000e-01', 'loss': '2.9329e+00'},
[92mINFO [0m:      	  1: {'accuracy': '1.0060e-01', 'loss': '2.3854e+00'},
[92mINFO [0m:      	  2: {'accuracy': '3.7670e-01', 'loss': '1.6716e+00'},
[92mINFO [0m:      	  3: {'accuracy': '5.5430e-01', 'loss': '1.2408e+00'},
[92mINFO [0m:      	  4: {'accuracy': '6.1120e-01', 'loss': '1.0774e+00'},
[92mINFO [0m:      	  5: {'accuracy': '6.5790e-01', 'loss': '9.7511e-01'},
[92mINFO [0m:      	  6: {'accuracy': '6.9520e-01', 'loss': '8.7200e-01'},
[92mINFO [0m:      	  7: {'accuracy': '7.3610e-01', 'loss': '7.5287e-01'},
[92mINFO [0m:      	  8: {'accuracy': '7.6350e-01', 'loss': '6.7493e-01'},
[92mINFO [0m:      	  9: {'accuracy': '7.8140e-01', 'loss': '6.4218e-01'},
[92mINFO [0m:      	  10: {'accuracy': '8.0050e-01', 'loss': '5.9853e-01'},
[92mINFO [0m:      	  11: {'accuracy': '8.1510e-01', 'loss': '5.5785e-01'},
[92mINFO [0m:      	  12: {'accuracy': '8.1360e-01', 'loss': '5.6695e-01'},
[92mINFO [0m:      	  13: {'accuracy': '8.2030e-01', 'loss': '5.4655e-01'},
[92mINFO [0m:      	  14: {'accuracy': '8.2760e-01', 'loss': '5.3021e-01'},
[92mINFO [0m:      	  15: {'accuracy': '8.3340e-01', 'loss': '5.2015e-01'},
[92mINFO [0m:      	  16: {'accuracy': '8.3510e-01', 'loss': '5.2895e-01'},
[92mINFO [0m:      	  17: {'accuracy': '8.3800e-01', 'loss': '5.1168e-01'},
[92mINFO [0m:      	  18: {'accuracy': '8.3980e-01', 'loss': '5.0158e-01'},
[92mINFO [0m:      	  19: {'accuracy': '8.3650e-01', 'loss': '5.2347e-01'},
[92mINFO [0m:      	  20: {'accuracy': '8.3740e-01', 'loss': '5.1816e-01'}}
[92mINFO [0m:      

Saving final model to disk...
[36m(ClientAppActor pid=32477)[0m [2026-06-14 20:23:28,223 E 32477 32651] core_worker_process.cc:825: Failed to establish connection to the metrics exporter agent. Metrics will not be exported. Exporter agent status: RpcError: Running out of retries to initialize the metrics agent. rpc_code: 14[32m [repeated 5x across cluster][0m
[92mINFO [0m:      
