🎊 Successfully started run 4769017216177609100
[92mINFO [0m:      Starting Flower Simulation
[INFO] Federated algorithm mode: fedavg
[INFO] Server strategy mode: fedavg
[93mWARNING [0m:   fraction_evaluate is set to 0.0. Federated evaluation will be skipped.
[92mINFO [0m:      Starting FedAvg strategy:
[92mINFO [0m:      	├── Number of rounds: 5
[92mINFO [0m:      	├── ArrayRecord (42.68 MB)
[92mINFO [0m:      	├── ConfigRecord (train): {'lr': 0.03}
[92mINFO [0m:      	├── ConfigRecord (evaluate): (empty!)
[92mINFO [0m:      	├──> Sampling:
[92mINFO [0m:      	│	├──Fraction: train (1.00) | evaluate ( 0.00)
[92mINFO [0m:      	│	├──Minimum nodes: train (1) | evaluate (0)
[92mINFO [0m:      	│	└──Minimum available nodes: 1
[92mINFO [0m:      	└──> Keys in records:
[92mINFO [0m:      		├── Weighted by: 'num-examples'
[92mINFO [0m:      		├── ArrayRecord key: 'arrays'
[92mINFO [0m:      		└── ConfigRecord key: 'config'
[92mINFO [0m:      
Warning: You are sending unauthenticated requests to the HF Hub. Please set a HF_TOKEN to enable higher rate limits and faster downloads.
/home/rruiz/Privacy-and-Security-Evaluation-of-Federated-Learning/.venv/lib/python3.12/site-packages/ray/_private/worker.py:2051: FutureWarning: Tip: In future versions of Ray, Ray will no longer override accelerator visible devices env var if num_gpus=0 or num_gpus=None (default). To enable this behavior and turn off this error message, set RAY_ACCEL_ENV_VAR_OVERRIDE_ON_ZERO=0
  warnings.warn(
Server-side evaluation round 0: loss=2.9329, accuracy=0.1000
[92mINFO [0m:      Initial global evaluation results: {'accuracy': 0.1, 'loss': 2.9328789893229295}
[92mINFO [0m:      
[92mINFO [0m:      [ROUND 1/5]
[92mINFO [0m:      configure_train: Sampled 6 nodes (out of 6)
[36m(ClientAppActor pid=2604)[0m Warning: You are sending unauthenticated requests to the HF Hub. Please set a HF_TOKEN to enable higher rate limits and faster downloads.
[36m(pid=gcs_server)[0m [2026-06-15 12:51:52,964 E 1925 1925] (gcs_server) gcs_server.cc:302: Failed to establish connection to the event+metrics exporter agent. Events and metrics will not be exported. Exporter agent status: RpcError: Running out of retries to initialize the metrics agent. rpc_code: 14
[36m(ClientAppActor pid=2602)[0m Warning: You are sending unauthenticated requests to the HF Hub. Please set a HF_TOKEN to enable higher rate limits and faster downloads.[32m [repeated 3x across cluster] (Ray deduplicates logs by default. Set RAY_DEDUP_LOGS=0 to disable log deduplication, or see https://docs.ray.io/en/master/ray-observability/user-guides/configure-logging.html#log-deduplication for more options.)[0m
[33m(raylet)[0m [2026-06-15 12:51:54,817 E 2155 2155] (raylet) main.cc:975: Failed to establish connection to the metrics exporter agent. Metrics will not be exported. Exporter agent status: RpcError: Running out of retries to initialize the metrics agent. rpc_code: 14
[36m(pid=2266)[0m [2026-06-15 12:51:55,299 E 2266 2396] core_worker_process.cc:825: Failed to establish connection to the metrics exporter agent. Metrics will not be exported. Exporter agent status: RpcError: Running out of retries to initialize the metrics agent. rpc_code: 14
[92mINFO [0m:      aggregate_train: Received 6 results and 0 failures
[92mINFO [0m:      	└──> Aggregated MetricRecord: {'train_loss': 2.0147179477987187, 'update_norm': 14.261464871777982, 'clipping_scale': 0.5259125770982186, 'noise_std': 0.001}
[92mINFO [0m:      Global evaluation
Server-side evaluation round 1: loss=2.3391, accuracy=0.1000
[92mINFO [0m:      	└──> MetricRecord: {'accuracy': 0.1, 'loss': 2.3391427264851368}
[92mINFO [0m:      
[92mINFO [0m:      [ROUND 2/5]
[92mINFO [0m:      configure_train: Sampled 6 nodes (out of 6)
[92mINFO [0m:      aggregate_train: Received 6 results and 0 failures
[92mINFO [0m:      	└──> Aggregated MetricRecord: {'train_loss': 1.8020917054661085, 'update_norm': 11.80522928441058, 'clipping_scale': 0.6353490303191077, 'noise_std': 0.001}
[92mINFO [0m:      Global evaluation
Server-side evaluation round 2: loss=2.2768, accuracy=0.1590
[92mINFO [0m:      	└──> MetricRecord: {'accuracy': 0.159, 'loss': 2.276764515858547}
[92mINFO [0m:      
[92mINFO [0m:      [ROUND 3/5]
[92mINFO [0m:      configure_train: Sampled 6 nodes (out of 6)
[92mINFO [0m:      aggregate_train: Received 6 results and 0 failures
[92mINFO [0m:      	└──> Aggregated MetricRecord: {'train_loss': 1.6017223578174227, 'update_norm': 10.86252689201824, 'clipping_scale': 0.6905131142074784, 'noise_std': 0.001}
[92mINFO [0m:      Global evaluation
Server-side evaluation round 3: loss=1.9347, accuracy=0.3136
[92mINFO [0m:      	└──> MetricRecord: {'accuracy': 0.3136, 'loss': 1.9347044388959362}
[92mINFO [0m:      
[92mINFO [0m:      [ROUND 4/5]
[92mINFO [0m:      configure_train: Sampled 6 nodes (out of 6)
[92mINFO [0m:      aggregate_train: Received 6 results and 0 failures
[92mINFO [0m:      	└──> Aggregated MetricRecord: {'train_loss': 1.405703365502962, 'update_norm': 10.422720879600956, 'clipping_scale': 0.71960529987199, 'noise_std': 0.001}
[92mINFO [0m:      Global evaluation
Server-side evaluation round 4: loss=1.2706, accuracy=0.5437
[92mINFO [0m:      	└──> MetricRecord: {'accuracy': 0.5437, 'loss': 1.270557779415398}
[92mINFO [0m:      
[92mINFO [0m:      [ROUND 5/5]
[92mINFO [0m:      configure_train: Sampled 6 nodes (out of 6)
[92mINFO [0m:      aggregate_train: Received 6 results and 0 failures
[92mINFO [0m:      	└──> Aggregated MetricRecord: {'train_loss': 1.2399265012941456, 'update_norm': 10.056266128745662, 'clipping_scale': 0.7458139070026022, 'noise_std': 0.001}
[92mINFO [0m:      Global evaluation
Server-side evaluation round 5: loss=1.0407, accuracy=0.6287
[92mINFO [0m:      	└──> MetricRecord: {'accuracy': 0.6287, 'loss': 1.0406881122832086}
[92mINFO [0m:      
[92mINFO [0m:      Strategy execution finished in 199.82s
[92mINFO [0m:      
[92mINFO [0m:      Final results:
[92mINFO [0m:      
[92mINFO [0m:      	Global Arrays:
[92mINFO [0m:      		ArrayRecord (42.677 MB)
[92mINFO [0m:      	
[92mINFO [0m:      	Aggregated ClientApp-side Train Metrics:
[92mINFO [0m:      	{ 1: { 'clipping_scale': '5.2591e-01',
[92mINFO [0m:      	       'noise_std': '1.0000e-03',
[92mINFO [0m:      	       'train_loss': '2.0147e+00',
[92mINFO [0m:      	       'update_norm': '1.4261e+01'},
[92mINFO [0m:      	  2: { 'clipping_scale': '6.3535e-01',
[92mINFO [0m:      	       'noise_std': '1.0000e-03',
[92mINFO [0m:      	       'train_loss': '1.8021e+00',
[92mINFO [0m:      	       'update_norm': '1.1805e+01'},
[92mINFO [0m:      	  3: { 'clipping_scale': '6.9051e-01',
[92mINFO [0m:      	       'noise_std': '1.0000e-03',
[92mINFO [0m:      	       'train_loss': '1.6017e+00',
[92mINFO [0m:      	       'update_norm': '1.0863e+01'},
[92mINFO [0m:      	  4: { 'clipping_scale': '7.1961e-01',
[92mINFO [0m:      	       'noise_std': '1.0000e-03',
[92mINFO [0m:      	       'train_loss': '1.4057e+00',
[92mINFO [0m:      	       'update_norm': '1.0423e+01'},
[92mINFO [0m:      	  5: { 'clipping_scale': '7.4581e-01',
[92mINFO [0m:      	       'noise_std': '1.0000e-03',
[92mINFO [0m:      	       'train_loss': '1.2399e+00',
[92mINFO [0m:      	       'update_norm': '1.0056e+01'}}
[92mINFO [0m:      	
[92mINFO [0m:      	Aggregated ClientApp-side Evaluate Metrics:
[92mINFO [0m:      	{}
[92mINFO [0m:      	
[92mINFO [0m:      	ServerApp-side Evaluate Metrics:
[92mINFO [0m:      	{ 0: {'accuracy': '1.0000e-01', 'loss': '2.9329e+00'},
[92mINFO [0m:      	  1: {'accuracy': '1.0000e-01', 'loss': '2.3391e+00'},
[92mINFO [0m:      	  2: {'accuracy': '1.5900e-01', 'loss': '2.2768e+00'},
[92mINFO [0m:      	  3: {'accuracy': '3.1360e-01', 'loss': '1.9347e+00'},
[92mINFO [0m:      	  4: {'accuracy': '5.4370e-01', 'loss': '1.2706e+00'},
[92mINFO [0m:      	  5: {'accuracy': '6.2870e-01', 'loss': '1.0407e+00'}}
[92mINFO [0m:      

Saving final model to disk...
[36m(ClientAppActor pid=2605)[0m [2026-06-15 12:51:56,140 E 2605 2781] core_worker_process.cc:825: Failed to establish connection to the metrics exporter agent. Metrics will not be exported. Exporter agent status: RpcError: Running out of retries to initialize the metrics agent. rpc_code: 14[32m [repeated 5x across cluster][0m
[92mINFO [0m:      
