🎊 Successfully started run 10258326183625853428
[92mINFO [0m:      Starting Flower Simulation
[INFO] Federated algorithm mode: fedavg
[INFO] Server strategy mode: fedavg
[93mWARNING [0m:   fraction_evaluate is set to 0.0. Federated evaluation will be skipped.
[92mINFO [0m:      Starting FedAvg strategy:
[92mINFO [0m:      	├── Number of rounds: 5
[92mINFO [0m:      	├── ArrayRecord (42.68 MB)
[92mINFO [0m:      	├── ConfigRecord (train): {'lr': 0.03}
[92mINFO [0m:      	├── ConfigRecord (evaluate): (empty!)
[92mINFO [0m:      	├──> Sampling:
[92mINFO [0m:      	│	├──Fraction: train (1.00) | evaluate ( 0.00)
[92mINFO [0m:      	│	├──Minimum nodes: train (1) | evaluate (0)
[92mINFO [0m:      	│	└──Minimum available nodes: 1
[92mINFO [0m:      	└──> Keys in records:
[92mINFO [0m:      		├── Weighted by: 'num-examples'
[92mINFO [0m:      		├── ArrayRecord key: 'arrays'
[92mINFO [0m:      		└── ConfigRecord key: 'config'
[92mINFO [0m:      
/home/rruiz/Privacy-and-Security-Evaluation-of-Federated-Learning/.venv/lib/python3.12/site-packages/ray/_private/worker.py:2051: FutureWarning: Tip: In future versions of Ray, Ray will no longer override accelerator visible devices env var if num_gpus=0 or num_gpus=None (default). To enable this behavior and turn off this error message, set RAY_ACCEL_ENV_VAR_OVERRIDE_ON_ZERO=0
  warnings.warn(
Warning: You are sending unauthenticated requests to the HF Hub. Please set a HF_TOKEN to enable higher rate limits and faster downloads.
Server-side evaluation round 0: loss=2.9329, accuracy=0.1000
[92mINFO [0m:      Initial global evaluation results: {'accuracy': 0.1, 'loss': 2.9328789893229295}
[92mINFO [0m:      
[92mINFO [0m:      [ROUND 1/5]
[92mINFO [0m:      configure_train: Sampled 6 nodes (out of 6)
[36m(ClientAppActor pid=30295)[0m Warning: You are sending unauthenticated requests to the HF Hub. Please set a HF_TOKEN to enable higher rate limits and faster downloads.
[36m(pid=gcs_server)[0m [2026-06-14 20:12:52,613 E 29618 29618] (gcs_server) gcs_server.cc:302: Failed to establish connection to the event+metrics exporter agent. Events and metrics will not be exported. Exporter agent status: RpcError: Running out of retries to initialize the metrics agent. rpc_code: 14
[36m(ClientAppActor pid=30297)[0m Warning: You are sending unauthenticated requests to the HF Hub. Please set a HF_TOKEN to enable higher rate limits and faster downloads.[32m [repeated 3x across cluster] (Ray deduplicates logs by default. Set RAY_DEDUP_LOGS=0 to disable log deduplication, or see https://docs.ray.io/en/master/ray-observability/user-guides/configure-logging.html#log-deduplication for more options.)[0m
[33m(raylet)[0m [2026-06-14 20:12:53,463 E 29847 29847] (raylet) main.cc:975: Failed to establish connection to the metrics exporter agent. Metrics will not be exported. Exporter agent status: RpcError: Running out of retries to initialize the metrics agent. rpc_code: 14
[36m(pid=29937)[0m [2026-06-14 20:12:53,982 E 29937 30090] core_worker_process.cc:825: Failed to establish connection to the metrics exporter agent. Metrics will not be exported. Exporter agent status: RpcError: Running out of retries to initialize the metrics agent. rpc_code: 14
[92mINFO [0m:      aggregate_train: Received 6 results and 0 failures
[92mINFO [0m:      	└──> Aggregated MetricRecord: {'train_loss': 2.0147179477987187, 'update_norm': 14.261464871777983, 'clipping_scale': 0.7012167694642916, 'noise_std': 0.0}
[92mINFO [0m:      Global evaluation
Server-side evaluation round 1: loss=2.3642, accuracy=0.1001
[92mINFO [0m:      	└──> MetricRecord: {'accuracy': 0.1001, 'loss': 2.364198595095592}
[92mINFO [0m:      
[92mINFO [0m:      [ROUND 2/5]
[92mINFO [0m:      configure_train: Sampled 6 nodes (out of 6)
[92mINFO [0m:      aggregate_train: Received 6 results and 0 failures
[92mINFO [0m:      	└──> Aggregated MetricRecord: {'train_loss': 1.76659307312425, 'update_norm': 11.395548700183575, 'clipping_scale': 0.8776234247017816, 'noise_std': 0.0}
[92mINFO [0m:      Global evaluation
Server-side evaluation round 2: loss=1.9404, accuracy=0.2717
[92mINFO [0m:      	└──> MetricRecord: {'accuracy': 0.2717, 'loss': 1.940371997037511}
[92mINFO [0m:      
[92mINFO [0m:      [ROUND 3/5]
[92mINFO [0m:      configure_train: Sampled 6 nodes (out of 6)
[92mINFO [0m:      aggregate_train: Received 6 results and 0 failures
[92mINFO [0m:      	└──> Aggregated MetricRecord: {'train_loss': 1.521780750163986, 'update_norm': 10.268874827775544, 'clipping_scale': 0.9738795606865278, 'noise_std': 0.0}
[92mINFO [0m:      Global evaluation
Server-side evaluation round 3: loss=1.3320, accuracy=0.5147
[92mINFO [0m:      	└──> MetricRecord: {'accuracy': 0.5147, 'loss': 1.3320023785730837}
[92mINFO [0m:      
[92mINFO [0m:      [ROUND 4/5]
[92mINFO [0m:      configure_train: Sampled 6 nodes (out of 6)
[92mINFO [0m:      aggregate_train: Received 6 results and 0 failures
[92mINFO [0m:      	└──> Aggregated MetricRecord: {'train_loss': 1.2963735824680063, 'update_norm': 9.770707123827604, 'clipping_scale': 1.0, 'noise_std': 0.0}
[92mINFO [0m:      Global evaluation
Server-side evaluation round 4: loss=1.0824, accuracy=0.6094
[92mINFO [0m:      	└──> MetricRecord: {'accuracy': 0.6094, 'loss': 1.08236795018433}
[92mINFO [0m:      
[92mINFO [0m:      [ROUND 5/5]
[92mINFO [0m:      configure_train: Sampled 6 nodes (out of 6)
[92mINFO [0m:      aggregate_train: Received 6 results and 0 failures
[92mINFO [0m:      	└──> Aggregated MetricRecord: {'train_loss': 1.125505451194865, 'update_norm': 9.478486969373341, 'clipping_scale': 1.0, 'noise_std': 0.0}
[92mINFO [0m:      Global evaluation
Server-side evaluation round 5: loss=0.9907, accuracy=0.6543
[92mINFO [0m:      	└──> MetricRecord: {'accuracy': 0.6543, 'loss': 0.9906622486509336}
[92mINFO [0m:      
[92mINFO [0m:      Strategy execution finished in 196.69s
[92mINFO [0m:      
[92mINFO [0m:      Final results:
[92mINFO [0m:      
[92mINFO [0m:      	Global Arrays:
[92mINFO [0m:      		ArrayRecord (42.677 MB)
[92mINFO [0m:      	
[92mINFO [0m:      	Aggregated ClientApp-side Train Metrics:
[92mINFO [0m:      	{ 1: { 'clipping_scale': '7.0122e-01',
[92mINFO [0m:      	       'noise_std': '0.0000e+00',
[92mINFO [0m:      	       'train_loss': '2.0147e+00',
[92mINFO [0m:      	       'update_norm': '1.4261e+01'},
[92mINFO [0m:      	  2: { 'clipping_scale': '8.7762e-01',
[92mINFO [0m:      	       'noise_std': '0.0000e+00',
[92mINFO [0m:      	       'train_loss': '1.7666e+00',
[92mINFO [0m:      	       'update_norm': '1.1396e+01'},
[92mINFO [0m:      	  3: { 'clipping_scale': '9.7388e-01',
[92mINFO [0m:      	       'noise_std': '0.0000e+00',
[92mINFO [0m:      	       'train_loss': '1.5218e+00',
[92mINFO [0m:      	       'update_norm': '1.0269e+01'},
[92mINFO [0m:      	  4: { 'clipping_scale': '1.0000e+00',
[92mINFO [0m:      	       'noise_std': '0.0000e+00',
[92mINFO [0m:      	       'train_loss': '1.2964e+00',
[92mINFO [0m:      	       'update_norm': '9.7707e+00'},
[92mINFO [0m:      	  5: { 'clipping_scale': '1.0000e+00',
[92mINFO [0m:      	       'noise_std': '0.0000e+00',
[92mINFO [0m:      	       'train_loss': '1.1255e+00',
[92mINFO [0m:      	       'update_norm': '9.4785e+00'}}
[92mINFO [0m:      	
[92mINFO [0m:      	Aggregated ClientApp-side Evaluate Metrics:
[92mINFO [0m:      	{}
[92mINFO [0m:      	
[92mINFO [0m:      	ServerApp-side Evaluate Metrics:
[92mINFO [0m:      	{ 0: {'accuracy': '1.0000e-01', 'loss': '2.9329e+00'},
[92mINFO [0m:      	  1: {'accuracy': '1.0010e-01', 'loss': '2.3642e+00'},
[92mINFO [0m:      	  2: {'accuracy': '2.7170e-01', 'loss': '1.9404e+00'},
[92mINFO [0m:      	  3: {'accuracy': '5.1470e-01', 'loss': '1.3320e+00'},
[92mINFO [0m:      	  4: {'accuracy': '6.0940e-01', 'loss': '1.0824e+00'},
[92mINFO [0m:      	  5: {'accuracy': '6.5430e-01', 'loss': '9.9066e-01'}}
[92mINFO [0m:      

Saving final model to disk...
[36m(ClientAppActor pid=30297)[0m [2026-06-14 20:12:54,841 E 30297 30472] core_worker_process.cc:825: Failed to establish connection to the metrics exporter agent. Metrics will not be exported. Exporter agent status: RpcError: Running out of retries to initialize the metrics agent. rpc_code: 14[32m [repeated 5x across cluster][0m
[92mINFO [0m:      
