🎊 Successfully started run 7829597045458288397
[92mINFO [0m:      Starting Flower Simulation
[INFO] Federated algorithm mode: fedavg
[INFO] Server strategy mode: fedavg
[93mWARNING [0m:   fraction_evaluate is set to 0.0. Federated evaluation will be skipped.
[92mINFO [0m:      Starting FedAvg strategy:
[92mINFO [0m:      	├── Number of rounds: 20
[92mINFO [0m:      	├── ArrayRecord (42.68 MB)
[92mINFO [0m:      	├── ConfigRecord (train): {'lr': 0.03}
[92mINFO [0m:      	├── ConfigRecord (evaluate): (empty!)
[92mINFO [0m:      	├──> Sampling:
[92mINFO [0m:      	│	├──Fraction: train (1.00) | evaluate ( 0.00)
[92mINFO [0m:      	│	├──Minimum nodes: train (1) | evaluate (0)
[92mINFO [0m:      	│	└──Minimum available nodes: 1
[92mINFO [0m:      	└──> Keys in records:
[92mINFO [0m:      		├── Weighted by: 'num-examples'
[92mINFO [0m:      		├── ArrayRecord key: 'arrays'
[92mINFO [0m:      		└── ConfigRecord key: 'config'
[92mINFO [0m:      
Warning: You are sending unauthenticated requests to the HF Hub. Please set a HF_TOKEN to enable higher rate limits and faster downloads.
/home/rruiz/Privacy-and-Security-Evaluation-of-Federated-Learning/.venv/lib/python3.12/site-packages/ray/_private/worker.py:2051: FutureWarning: Tip: In future versions of Ray, Ray will no longer override accelerator visible devices env var if num_gpus=0 or num_gpus=None (default). To enable this behavior and turn off this error message, set RAY_ACCEL_ENV_VAR_OVERRIDE_ON_ZERO=0
  warnings.warn(
Server-side evaluation round 0: loss=2.9329, accuracy=0.1000
[92mINFO [0m:      Initial global evaluation results: {'accuracy': 0.1, 'loss': 2.9328789893229295}
[92mINFO [0m:      
[92mINFO [0m:      [ROUND 1/20]
[92mINFO [0m:      configure_train: Sampled 6 nodes (out of 6)
[36m(ClientAppActor pid=33579)[0m Warning: You are sending unauthenticated requests to the HF Hub. Please set a HF_TOKEN to enable higher rate limits and faster downloads.
[36m(pid=gcs_server)[0m [2026-06-14 20:36:08,119 E 32903 32903] (gcs_server) gcs_server.cc:302: Failed to establish connection to the event+metrics exporter agent. Events and metrics will not be exported. Exporter agent status: RpcError: Running out of retries to initialize the metrics agent. rpc_code: 14
[36m(ClientAppActor pid=33578)[0m Warning: You are sending unauthenticated requests to the HF Hub. Please set a HF_TOKEN to enable higher rate limits and faster downloads.[32m [repeated 3x across cluster] (Ray deduplicates logs by default. Set RAY_DEDUP_LOGS=0 to disable log deduplication, or see https://docs.ray.io/en/master/ray-observability/user-guides/configure-logging.html#log-deduplication for more options.)[0m
[33m(raylet)[0m [2026-06-14 20:36:08,954 E 33132 33132] (raylet) main.cc:975: Failed to establish connection to the metrics exporter agent. Metrics will not be exported. Exporter agent status: RpcError: Running out of retries to initialize the metrics agent. rpc_code: 14
[36m(pid=33218)[0m [2026-06-14 20:36:09,432 E 33218 33307] core_worker_process.cc:825: Failed to establish connection to the metrics exporter agent. Metrics will not be exported. Exporter agent status: RpcError: Running out of retries to initialize the metrics agent. rpc_code: 14
[92mINFO [0m:      aggregate_train: Received 6 results and 0 failures
[92mINFO [0m:      	└──> Aggregated MetricRecord: {'train_loss': 2.0147179477987187, 'update_norm': 14.261464871777983, 'clipping_scale': 0.7012167694642916, 'noise_std': 0.0}
[92mINFO [0m:      Global evaluation
Server-side evaluation round 1: loss=2.3642, accuracy=0.1001
[92mINFO [0m:      	└──> MetricRecord: {'accuracy': 0.1001, 'loss': 2.3641987317686626}
[92mINFO [0m:      
[92mINFO [0m:      [ROUND 2/20]
[92mINFO [0m:      configure_train: Sampled 6 nodes (out of 6)
[92mINFO [0m:      aggregate_train: Received 6 results and 0 failures
[92mINFO [0m:      	└──> Aggregated MetricRecord: {'train_loss': 1.7697701765473617, 'update_norm': 11.373631708585854, 'clipping_scale': 0.8792863558282282, 'noise_std': 0.0}
[92mINFO [0m:      Global evaluation
Server-side evaluation round 2: loss=1.9347, accuracy=0.2698
[92mINFO [0m:      	└──> MetricRecord: {'accuracy': 0.2698, 'loss': 1.9347061275676558}
[92mINFO [0m:      
[92mINFO [0m:      [ROUND 3/20]
[92mINFO [0m:      configure_train: Sampled 6 nodes (out of 6)
[92mINFO [0m:      aggregate_train: Received 6 results and 0 failures
[92mINFO [0m:      	└──> Aggregated MetricRecord: {'train_loss': 1.5243895403013763, 'update_norm': 10.278851075293785, 'clipping_scale': 0.9729256162726716, 'noise_std': 0.0}
[92mINFO [0m:      Global evaluation
Server-side evaluation round 3: loss=1.3057, accuracy=0.5302
[92mINFO [0m:      	└──> MetricRecord: {'accuracy': 0.5302, 'loss': 1.3057362281592788}
[92mINFO [0m:      
[92mINFO [0m:      [ROUND 4/20]
[92mINFO [0m:      configure_train: Sampled 6 nodes (out of 6)
[92mINFO [0m:      aggregate_train: Received 6 results and 0 failures
[92mINFO [0m:      	└──> Aggregated MetricRecord: {'train_loss': 1.2980881354215086, 'update_norm': 9.785200805483809, 'clipping_scale': 1.0, 'noise_std': 0.0}
[92mINFO [0m:      Global evaluation
Server-side evaluation round 4: loss=1.0947, accuracy=0.6044
[92mINFO [0m:      	└──> MetricRecord: {'accuracy': 0.6044, 'loss': 1.094727288385865}
[92mINFO [0m:      
[92mINFO [0m:      [ROUND 5/20]
[92mINFO [0m:      configure_train: Sampled 6 nodes (out of 6)
[92mINFO [0m:      aggregate_train: Received 6 results and 0 failures
[92mINFO [0m:      	└──> Aggregated MetricRecord: {'train_loss': 1.1279709156784368, 'update_norm': 9.449421289533525, 'clipping_scale': 0.9999999999999998, 'noise_std': 0.0}
[92mINFO [0m:      Global evaluation
Server-side evaluation round 5: loss=0.9806, accuracy=0.6534
[92mINFO [0m:      	└──> MetricRecord: {'accuracy': 0.6534, 'loss': 0.9805783454779606}
[92mINFO [0m:      
[92mINFO [0m:      [ROUND 6/20]
[92mINFO [0m:      configure_train: Sampled 6 nodes (out of 6)
[92mINFO [0m:      aggregate_train: Received 6 results and 0 failures
[92mINFO [0m:      	└──> Aggregated MetricRecord: {'train_loss': 0.9980084834133952, 'update_norm': 9.386061058800735, 'clipping_scale': 1.0, 'noise_std': 0.0}
[92mINFO [0m:      Global evaluation
Server-side evaluation round 6: loss=0.8796, accuracy=0.6920
[92mINFO [0m:      	└──> MetricRecord: {'accuracy': 0.692, 'loss': 0.879618539172373}
[92mINFO [0m:      
[92mINFO [0m:      [ROUND 7/20]
[92mINFO [0m:      configure_train: Sampled 6 nodes (out of 6)
[92mINFO [0m:      aggregate_train: Received 6 results and 0 failures
[92mINFO [0m:      	└──> Aggregated MetricRecord: {'train_loss': 0.8954454994762502, 'update_norm': 9.362615755018135, 'clipping_scale': 0.9999999999999998, 'noise_std': 0.0}
[92mINFO [0m:      Global evaluation
Server-side evaluation round 7: loss=0.7723, accuracy=0.7287
[92mINFO [0m:      	└──> MetricRecord: {'accuracy': 0.7287, 'loss': 0.7722550490099913}
[92mINFO [0m:      
[92mINFO [0m:      [ROUND 8/20]
[92mINFO [0m:      configure_train: Sampled 6 nodes (out of 6)
[92mINFO [0m:      aggregate_train: Received 6 results and 0 failures
[92mINFO [0m:      	└──> Aggregated MetricRecord: {'train_loss': 0.8127765981460059, 'update_norm': 9.464072740198976, 'clipping_scale': 0.9999999999999998, 'noise_std': 0.0}
[92mINFO [0m:      Global evaluation
Server-side evaluation round 8: loss=0.6853, accuracy=0.7610
[92mINFO [0m:      	└──> MetricRecord: {'accuracy': 0.761, 'loss': 0.6853468645909789}
[92mINFO [0m:      
[92mINFO [0m:      [ROUND 9/20]
[92mINFO [0m:      configure_train: Sampled 6 nodes (out of 6)
[92mINFO [0m:      aggregate_train: Received 6 results and 0 failures
[92mINFO [0m:      	└──> Aggregated MetricRecord: {'train_loss': 0.7449778059912692, 'update_norm': 9.67667222059967, 'clipping_scale': 0.9999999999999998, 'noise_std': 0.0}
[92mINFO [0m:      Global evaluation
Server-side evaluation round 9: loss=0.6245, accuracy=0.7847
[92mINFO [0m:      	└──> MetricRecord: {'accuracy': 0.7847, 'loss': 0.6244755856170776}
[92mINFO [0m:      
[92mINFO [0m:      [ROUND 10/20]
[92mINFO [0m:      configure_train: Sampled 6 nodes (out of 6)
[92mINFO [0m:      aggregate_train: Received 6 results and 0 failures
[92mINFO [0m:      	└──> Aggregated MetricRecord: {'train_loss': 0.6837784531730294, 'update_norm': 9.969366959735353, 'clipping_scale': 0.9985407519603113, 'noise_std': 0.0}
[92mINFO [0m:      Global evaluation
Server-side evaluation round 10: loss=0.6027, accuracy=0.7970
[92mINFO [0m:      	└──> MetricRecord: {'accuracy': 0.797, 'loss': 0.6026524706820774}
[92mINFO [0m:      
[92mINFO [0m:      [ROUND 11/20]
[92mINFO [0m:      configure_train: Sampled 6 nodes (out of 6)
[92mINFO [0m:      aggregate_train: Received 6 results and 0 failures
[92mINFO [0m:      	└──> Aggregated MetricRecord: {'train_loss': 0.6352875118846227, 'update_norm': 10.435729908939601, 'clipping_scale': 0.9583116951058411, 'noise_std': 0.0}
[92mINFO [0m:      Global evaluation
Server-side evaluation round 11: loss=0.5803, accuracy=0.8105
[92mINFO [0m:      	└──> MetricRecord: {'accuracy': 0.8105, 'loss': 0.5803074418169678}
[92mINFO [0m:      
[92mINFO [0m:      [ROUND 12/20]
[92mINFO [0m:      configure_train: Sampled 6 nodes (out of 6)
[92mINFO [0m:      aggregate_train: Received 6 results and 0 failures
[92mINFO [0m:      	└──> Aggregated MetricRecord: {'train_loss': 0.5945279701762399, 'update_norm': 10.898477528165465, 'clipping_scale': 0.9176205009798664, 'noise_std': 0.0}
[92mINFO [0m:      Global evaluation
Server-side evaluation round 12: loss=0.5652, accuracy=0.8161
[92mINFO [0m:      	└──> MetricRecord: {'accuracy': 0.8161, 'loss': 0.5652118973481427}
[92mINFO [0m:      
[92mINFO [0m:      [ROUND 13/20]
[92mINFO [0m:      configure_train: Sampled 6 nodes (out of 6)
[92mINFO [0m:      aggregate_train: Received 6 results and 0 failures
[92mINFO [0m:      	└──> Aggregated MetricRecord: {'train_loss': 0.5581064326919188, 'update_norm': 11.425893027530062, 'clipping_scale': 0.875236036810948, 'noise_std': 0.0}
[92mINFO [0m:      Global evaluation
Server-side evaluation round 13: loss=0.5546, accuracy=0.8237
[92mINFO [0m:      	└──> MetricRecord: {'accuracy': 0.8237, 'loss': 0.5546251451893217}
[92mINFO [0m:      
[92mINFO [0m:      [ROUND 14/20]
[92mINFO [0m:      configure_train: Sampled 6 nodes (out of 6)
[92mINFO [0m:      aggregate_train: Received 6 results and 0 failures
[92mINFO [0m:      	└──> Aggregated MetricRecord: {'train_loss': 0.5281733635015383, 'update_norm': 11.995320757720892, 'clipping_scale': 0.8337330596239091, 'noise_std': 0.0}
[92mINFO [0m:      Global evaluation
Server-side evaluation round 14: loss=0.5531, accuracy=0.8262
[92mINFO [0m:      	└──> MetricRecord: {'accuracy': 0.8262, 'loss': 0.55309877340581}
[92mINFO [0m:      
[92mINFO [0m:      [ROUND 15/20]
[92mINFO [0m:      configure_train: Sampled 6 nodes (out of 6)
[92mINFO [0m:      aggregate_train: Received 6 results and 0 failures
[92mINFO [0m:      	└──> Aggregated MetricRecord: {'train_loss': 0.4995137104443346, 'update_norm': 12.454518881086837, 'clipping_scale': 0.8029807431668871, 'noise_std': 0.0}
[92mINFO [0m:      Global evaluation
Server-side evaluation round 15: loss=0.5660, accuracy=0.8248
[92mINFO [0m:      	└──> MetricRecord: {'accuracy': 0.8248, 'loss': 0.5659700332173876}
[92mINFO [0m:      
[92mINFO [0m:      [ROUND 16/20]
[92mINFO [0m:      configure_train: Sampled 6 nodes (out of 6)
[92mINFO [0m:      aggregate_train: Received 6 results and 0 failures
[92mINFO [0m:      	└──> Aggregated MetricRecord: {'train_loss': 0.47054169631778847, 'update_norm': 12.865370776296954, 'clipping_scale': 0.7773186372609873, 'noise_std': 0.0}
[92mINFO [0m:      Global evaluation
Server-side evaluation round 16: loss=0.5315, accuracy=0.8361
[92mINFO [0m:      	└──> MetricRecord: {'accuracy': 0.8361, 'loss': 0.531463202872094}
[92mINFO [0m:      
[92mINFO [0m:      [ROUND 17/20]
[92mINFO [0m:      configure_train: Sampled 6 nodes (out of 6)
[92mINFO [0m:      aggregate_train: Received 6 results and 0 failures
[92mINFO [0m:      	└──> Aggregated MetricRecord: {'train_loss': 0.44907899078755414, 'update_norm': 13.353405708944543, 'clipping_scale': 0.7489166129253031, 'noise_std': 0.0}
[92mINFO [0m:      Global evaluation
Server-side evaluation round 17: loss=0.5371, accuracy=0.8350
[92mINFO [0m:      	└──> MetricRecord: {'accuracy': 0.835, 'loss': 0.5371424307109444}
[92mINFO [0m:      
[92mINFO [0m:      [ROUND 18/20]
[92mINFO [0m:      configure_train: Sampled 6 nodes (out of 6)
[92mINFO [0m:      aggregate_train: Received 6 results and 0 failures
[92mINFO [0m:      	└──> Aggregated MetricRecord: {'train_loss': 0.43021808920079124, 'update_norm': 13.850401243678785, 'clipping_scale': 0.7220515617068168, 'noise_std': 0.0}
[92mINFO [0m:      Global evaluation
Server-side evaluation round 18: loss=0.5124, accuracy=0.8411
[92mINFO [0m:      	└──> MetricRecord: {'accuracy': 0.8411, 'loss': 0.5124323331056886}
[92mINFO [0m:      
[92mINFO [0m:      [ROUND 19/20]
[92mINFO [0m:      configure_train: Sampled 6 nodes (out of 6)
[92mINFO [0m:      aggregate_train: Received 6 results and 0 failures
[92mINFO [0m:      	└──> Aggregated MetricRecord: {'train_loss': 0.41348103123432584, 'update_norm': 14.275448071085767, 'clipping_scale': 0.700553008276583, 'noise_std': 0.0}
[92mINFO [0m:      Global evaluation
Server-side evaluation round 19: loss=0.5256, accuracy=0.8401
[92mINFO [0m:      	└──> MetricRecord: {'accuracy': 0.8401, 'loss': 0.5255677069828009}
[92mINFO [0m:      
[92mINFO [0m:      [ROUND 20/20]
[92mINFO [0m:      configure_train: Sampled 6 nodes (out of 6)
[92mINFO [0m:      aggregate_train: Received 6 results and 0 failures
[92mINFO [0m:      	└──> Aggregated MetricRecord: {'train_loss': 0.39717209077945137, 'update_norm': 14.581315312113034, 'clipping_scale': 0.6858718346764234, 'noise_std': 0.0}
[92mINFO [0m:      Global evaluation
Server-side evaluation round 20: loss=0.5162, accuracy=0.8401
[92mINFO [0m:      	└──> MetricRecord: {'accuracy': 0.8401, 'loss': 0.5162455375027505}
[92mINFO [0m:      
[92mINFO [0m:      Strategy execution finished in 750.17s
[92mINFO [0m:      
[92mINFO [0m:      Final results:
[92mINFO [0m:      
[92mINFO [0m:      	Global Arrays:
[92mINFO [0m:      		ArrayRecord (42.677 MB)
[92mINFO [0m:      	
[92mINFO [0m:      	Aggregated ClientApp-side Train Metrics:
[92mINFO [0m:      	{ 1: { 'clipping_scale': '7.0122e-01',
[92mINFO [0m:      	       'noise_std': '0.0000e+00',
[92mINFO [0m:      	       'train_loss': '2.0147e+00',
[92mINFO [0m:      	       'update_norm': '1.4261e+01'},
[92mINFO [0m:      	  2: { 'clipping_scale': '8.7929e-01',
[92mINFO [0m:      	       'noise_std': '0.0000e+00',
[92mINFO [0m:      	       'train_loss': '1.7698e+00',
[92mINFO [0m:      	       'update_norm': '1.1374e+01'},
[92mINFO [0m:      	  3: { 'clipping_scale': '9.7293e-01',
[92mINFO [0m:      	       'noise_std': '0.0000e+00',
[92mINFO [0m:      	       'train_loss': '1.5244e+00',
[92mINFO [0m:      	       'update_norm': '1.0279e+01'},
[92mINFO [0m:      	  4: { 'clipping_scale': '1.0000e+00',
[92mINFO [0m:      	       'noise_std': '0.0000e+00',
[92mINFO [0m:      	       'train_loss': '1.2981e+00',
[92mINFO [0m:      	       'update_norm': '9.7852e+00'},
[92mINFO [0m:      	  5: { 'clipping_scale': '1.0000e+00',
[92mINFO [0m:      	       'noise_std': '0.0000e+00',
[92mINFO [0m:      	       'train_loss': '1.1280e+00',
[92mINFO [0m:      	       'update_norm': '9.4494e+00'},
[92mINFO [0m:      	  6: { 'clipping_scale': '1.0000e+00',
[92mINFO [0m:      	       'noise_std': '0.0000e+00',
[92mINFO [0m:      	       'train_loss': '9.9801e-01',
[92mINFO [0m:      	       'update_norm': '9.3861e+00'},
[92mINFO [0m:      	  7: { 'clipping_scale': '1.0000e+00',
[92mINFO [0m:      	       'noise_std': '0.0000e+00',
[92mINFO [0m:      	       'train_loss': '8.9545e-01',
[92mINFO [0m:      	       'update_norm': '9.3626e+00'},
[92mINFO [0m:      	  8: { 'clipping_scale': '1.0000e+00',
[92mINFO [0m:      	       'noise_std': '0.0000e+00',
[92mINFO [0m:      	       'train_loss': '8.1278e-01',
[92mINFO [0m:      	       'update_norm': '9.4641e+00'},
[92mINFO [0m:      	  9: { 'clipping_scale': '1.0000e+00',
[92mINFO [0m:      	       'noise_std': '0.0000e+00',
[92mINFO [0m:      	       'train_loss': '7.4498e-01',
[92mINFO [0m:      	       'update_norm': '9.6767e+00'},
[92mINFO [0m:      	  10: { 'clipping_scale': '9.9854e-01',
[92mINFO [0m:      	        'noise_std': '0.0000e+00',
[92mINFO [0m:      	        'train_loss': '6.8378e-01',
[92mINFO [0m:      	        'update_norm': '9.9694e+00'},
[92mINFO [0m:      	  11: { 'clipping_scale': '9.5831e-01',
[92mINFO [0m:      	        'noise_std': '0.0000e+00',
[92mINFO [0m:      	        'train_loss': '6.3529e-01',
[92mINFO [0m:      	        'update_norm': '1.0436e+01'},
[92mINFO [0m:      	  12: { 'clipping_scale': '9.1762e-01',
[92mINFO [0m:      	        'noise_std': '0.0000e+00',
[92mINFO [0m:      	        'train_loss': '5.9453e-01',
[92mINFO [0m:      	        'update_norm': '1.0898e+01'},
[92mINFO [0m:      	  13: { 'clipping_scale': '8.7524e-01',
[92mINFO [0m:      	        'noise_std': '0.0000e+00',
[92mINFO [0m:      	        'train_loss': '5.5811e-01',
[92mINFO [0m:      	        'update_norm': '1.1426e+01'},
[92mINFO [0m:      	  14: { 'clipping_scale': '8.3373e-01',
[92mINFO [0m:      	        'noise_std': '0.0000e+00',
[92mINFO [0m:      	        'train_loss': '5.2817e-01',
[92mINFO [0m:      	        'update_norm': '1.1995e+01'},
[92mINFO [0m:      	  15: { 'clipping_scale': '8.0298e-01',
[92mINFO [0m:      	        'noise_std': '0.0000e+00',
[92mINFO [0m:      	        'train_loss': '4.9951e-01',
[92mINFO [0m:      	        'update_norm': '1.2455e+01'},
[92mINFO [0m:      	  16: { 'clipping_scale': '7.7732e-01',
[92mINFO [0m:      	        'noise_std': '0.0000e+00',
[92mINFO [0m:      	        'train_loss': '4.7054e-01',
[92mINFO [0m:      	        'update_norm': '1.2865e+01'},
[92mINFO [0m:      	  17: { 'clipping_scale': '7.4892e-01',
[92mINFO [0m:      	        'noise_std': '0.0000e+00',
[92mINFO [0m:      	        'train_loss': '4.4908e-01',
[92mINFO [0m:      	        'update_norm': '1.3353e+01'},
[92mINFO [0m:      	  18: { 'clipping_scale': '7.2205e-01',
[92mINFO [0m:      	        'noise_std': '0.0000e+00',
[92mINFO [0m:      	        'train_loss': '4.3022e-01',
[92mINFO [0m:      	        'update_norm': '1.3850e+01'},
[92mINFO [0m:      	  19: { 'clipping_scale': '7.0055e-01',
[92mINFO [0m:      	        'noise_std': '0.0000e+00',
[92mINFO [0m:      	        'train_loss': '4.1348e-01',
[92mINFO [0m:      	        'update_norm': '1.4275e+01'},
[92mINFO [0m:      	  20: { 'clipping_scale': '6.8587e-01',
[92mINFO [0m:      	        'noise_std': '0.0000e+00',
[92mINFO [0m:      	        'train_loss': '3.9717e-01',
[92mINFO [0m:      	        'update_norm': '1.4581e+01'}}
[92mINFO [0m:      	
[92mINFO [0m:      	Aggregated ClientApp-side Evaluate Metrics:
[92mINFO [0m:      	{}
[92mINFO [0m:      	
[92mINFO [0m:      	ServerApp-side Evaluate Metrics:
[92mINFO [0m:      	{ 0: {'accuracy': '1.0000e-01', 'loss': '2.9329e+00'},
[92mINFO [0m:      	  1: {'accuracy': '1.0010e-01', 'loss': '2.3642e+00'},
[92mINFO [0m:      	  2: {'accuracy': '2.6980e-01', 'loss': '1.9347e+00'},
[92mINFO [0m:      	  3: {'accuracy': '5.3020e-01', 'loss': '1.3057e+00'},
[92mINFO [0m:      	  4: {'accuracy': '6.0440e-01', 'loss': '1.0947e+00'},
[92mINFO [0m:      	  5: {'accuracy': '6.5340e-01', 'loss': '9.8058e-01'},
[92mINFO [0m:      	  6: {'accuracy': '6.9200e-01', 'loss': '8.7962e-01'},
[92mINFO [0m:      	  7: {'accuracy': '7.2870e-01', 'loss': '7.7226e-01'},
[92mINFO [0m:      	  8: {'accuracy': '7.6100e-01', 'loss': '6.8535e-01'},
[92mINFO [0m:      	  9: {'accuracy': '7.8470e-01', 'loss': '6.2448e-01'},
[92mINFO [0m:      	  10: {'accuracy': '7.9700e-01', 'loss': '6.0265e-01'},
[92mINFO [0m:      	  11: {'accuracy': '8.1050e-01', 'loss': '5.8031e-01'},
[92mINFO [0m:      	  12: {'accuracy': '8.1610e-01', 'loss': '5.6521e-01'},
[92mINFO [0m:      	  13: {'accuracy': '8.2370e-01', 'loss': '5.5463e-01'},
[92mINFO [0m:      	  14: {'accuracy': '8.2620e-01', 'loss': '5.5310e-01'},
[92mINFO [0m:      	  15: {'accuracy': '8.2480e-01', 'loss': '5.6597e-01'},
[92mINFO [0m:      	  16: {'accuracy': '8.3610e-01', 'loss': '5.3146e-01'},
[92mINFO [0m:      	  17: {'accuracy': '8.3500e-01', 'loss': '5.3714e-01'},
[92mINFO [0m:      	  18: {'accuracy': '8.4110e-01', 'loss': '5.1243e-01'},
[92mINFO [0m:      	  19: {'accuracy': '8.4010e-01', 'loss': '5.2557e-01'},
[92mINFO [0m:      	  20: {'accuracy': '8.4010e-01', 'loss': '5.1625e-01'}}
[92mINFO [0m:      

Saving final model to disk...
[36m(ClientAppActor pid=33581)[0m [93mWARNING [0m:   Manually terminating ClientAppActor
[36m(ClientAppActor pid=33578)[0m [2026-06-14 20:36:10,246 E 33578 33726] core_worker_process.cc:825: Failed to establish connection to the metrics exporter agent. Metrics will not be exported. Exporter agent status: RpcError: Running out of retries to initialize the metrics agent. rpc_code: 14[32m [repeated 5x across cluster][0m
[36m(ClientAppActor pid=33579)[0m [93mWARNING [0m:   Manually terminating ClientAppActor
[92mINFO [0m:      
