🎊 Successfully started run 2990053043739491896
[92mINFO [0m:      Starting Flower Simulation
Successfully installed quickstart-pytorch to /home/rruiz/.flwr/apps/flwrlabs.quickstart-pytorch.1.1.1.ab00c049.
[INFO] Federated algorithm mode: fedavg
[INFO] Server strategy mode: fedavg
[93mWARNING [0m:   fraction_evaluate is set to 0.0. Federated evaluation will be skipped.
[92mINFO [0m:      Starting FedAvg strategy:
[92mINFO [0m:      	├── Number of rounds: 2
[92mINFO [0m:      	├── ArrayRecord (42.68 MB)
[92mINFO [0m:      	├── ConfigRecord (train): {'lr': 0.03}
[92mINFO [0m:      	├── ConfigRecord (evaluate): (empty!)
[92mINFO [0m:      	├──> Sampling:
[92mINFO [0m:      	│	├──Fraction: train (1.00) | evaluate ( 0.00)
[92mINFO [0m:      	│	├──Minimum nodes: train (1) | evaluate (0)
[92mINFO [0m:      	│	└──Minimum available nodes: 1
[92mINFO [0m:      	└──> Keys in records:
[92mINFO [0m:      		├── Weighted by: 'num-examples'
[92mINFO [0m:      		├── ArrayRecord key: 'arrays'
[92mINFO [0m:      		└── ConfigRecord key: 'config'
[92mINFO [0m:      
Warning: You are sending unauthenticated requests to the HF Hub. Please set a HF_TOKEN to enable higher rate limits and faster downloads.
/home/rruiz/Privacy-and-Security-Evaluation-of-Federated-Learning/.venv/lib/python3.12/site-packages/ray/_private/worker.py:2051: FutureWarning: Tip: In future versions of Ray, Ray will no longer override accelerator visible devices env var if num_gpus=0 or num_gpus=None (default). To enable this behavior and turn off this error message, set RAY_ACCEL_ENV_VAR_OVERRIDE_ON_ZERO=0
  warnings.warn(
Server-side evaluation round 0: loss=2.9329, accuracy=0.1000
[92mINFO [0m:      Initial global evaluation results: {'accuracy': 0.1, 'loss': 2.9328789893229295}
[92mINFO [0m:      
[92mINFO [0m:      [ROUND 1/2]
[92mINFO [0m:      configure_train: Sampled 6 nodes (out of 6)
[36m(ClientAppActor pid=26044)[0m Warning: You are sending unauthenticated requests to the HF Hub. Please set a HF_TOKEN to enable higher rate limits and faster downloads.
[36m(pid=gcs_server)[0m [2026-06-14 19:47:29,165 E 25366 25366] (gcs_server) gcs_server.cc:302: Failed to establish connection to the event+metrics exporter agent. Events and metrics will not be exported. Exporter agent status: RpcError: Running out of retries to initialize the metrics agent. rpc_code: 14
[36m(ClientAppActor pid=26047)[0m Warning: You are sending unauthenticated requests to the HF Hub. Please set a HF_TOKEN to enable higher rate limits and faster downloads.[32m [repeated 3x across cluster] (Ray deduplicates logs by default. Set RAY_DEDUP_LOGS=0 to disable log deduplication, or see https://docs.ray.io/en/master/ray-observability/user-guides/configure-logging.html#log-deduplication for more options.)[0m
[33m(raylet)[0m [2026-06-14 19:47:29,885 E 25595 25595] (raylet) main.cc:975: Failed to establish connection to the metrics exporter agent. Metrics will not be exported. Exporter agent status: RpcError: Running out of retries to initialize the metrics agent. rpc_code: 14
[36m(pid=25683)[0m [2026-06-14 19:47:30,313 E 25683 25862] core_worker_process.cc:825: Failed to establish connection to the metrics exporter agent. Metrics will not be exported. Exporter agent status: RpcError: Running out of retries to initialize the metrics agent. rpc_code: 14
[92mINFO [0m:      aggregate_train: Received 6 results and 0 failures
[92mINFO [0m:      	└──> Aggregated MetricRecord: {'train_loss': 2.0147179477987187, 'update_norm': 14.261464871777982, 'clipping_scale': 0.9999999999999998, 'noise_std': 0.0}
[92mINFO [0m:      Global evaluation
Server-side evaluation round 1: loss=2.4032, accuracy=0.1012
[92mINFO [0m:      	└──> MetricRecord: {'accuracy': 0.1012, 'loss': 2.403205473711536}
[92mINFO [0m:      
[92mINFO [0m:      [ROUND 2/2]
[92mINFO [0m:      configure_train: Sampled 6 nodes (out of 6)
[92mINFO [0m:      aggregate_train: Received 6 results and 0 failures
[92mINFO [0m:      	└──> Aggregated MetricRecord: {'train_loss': 1.727878227618016, 'update_norm': 10.872299132582437, 'clipping_scale': 1.0, 'noise_std': 0.0}
[92mINFO [0m:      Global evaluation
Server-side evaluation round 2: loss=1.6556, accuracy=0.3729
[92mINFO [0m:      	└──> MetricRecord: {'accuracy': 0.3729, 'loss': 1.6556313933840223}
[92mINFO [0m:      
[92mINFO [0m:      Strategy execution finished in 82.99s
[92mINFO [0m:      
[92mINFO [0m:      Final results:
[92mINFO [0m:      
[92mINFO [0m:      	Global Arrays:
[92mINFO [0m:      		ArrayRecord (42.677 MB)
[92mINFO [0m:      	
[92mINFO [0m:      	Aggregated ClientApp-side Train Metrics:
[92mINFO [0m:      	{ 1: { 'clipping_scale': '1.0000e+00',
[92mINFO [0m:      	       'noise_std': '0.0000e+00',
[92mINFO [0m:      	       'train_loss': '2.0147e+00',
[92mINFO [0m:      	       'update_norm': '1.4261e+01'},
[92mINFO [0m:      	  2: { 'clipping_scale': '1.0000e+00',
[92mINFO [0m:      	       'noise_std': '0.0000e+00',
[92mINFO [0m:      	       'train_loss': '1.7279e+00',
[92mINFO [0m:      	       'update_norm': '1.0872e+01'}}
[92mINFO [0m:      	
[92mINFO [0m:      	Aggregated ClientApp-side Evaluate Metrics:
[92mINFO [0m:      	{}
[92mINFO [0m:      	
[92mINFO [0m:      	ServerApp-side Evaluate Metrics:
[92mINFO [0m:      	{ 0: {'accuracy': '1.0000e-01', 'loss': '2.9329e+00'},
[92mINFO [0m:      	  1: {'accuracy': '1.0120e-01', 'loss': '2.4032e+00'},
[92mINFO [0m:      	  2: {'accuracy': '3.7290e-01', 'loss': '1.6556e+00'}}
[92mINFO [0m:      

Saving final model to disk...
[36m(ClientAppActor pid=26047)[0m [2026-06-14 19:47:31,027 E 26047 26199] core_worker_process.cc:825: Failed to establish connection to the metrics exporter agent. Metrics will not be exported. Exporter agent status: RpcError: Running out of retries to initialize the metrics agent. rpc_code: 14[32m [repeated 5x across cluster][0m
[92mINFO [0m:      
