🎊 Successfully started run 9526137379979027788
[92mINFO [0m:      Starting Flower Simulation
[INFO] Federated algorithm mode: fedavg
[INFO] Server strategy mode: fedavg
[93mWARNING [0m:   fraction_evaluate is set to 0.0. Federated evaluation will be skipped.
[92mINFO [0m:      Starting FedAvg strategy:
[92mINFO [0m:      	├── Number of rounds: 5
[92mINFO [0m:      	├── ArrayRecord (42.68 MB)
[92mINFO [0m:      	├── ConfigRecord (train): {'lr': 0.03}
[92mINFO [0m:      	├── ConfigRecord (evaluate): (empty!)
[92mINFO [0m:      	├──> Sampling:
[92mINFO [0m:      	│	├──Fraction: train (1.00) | evaluate ( 0.00)
[92mINFO [0m:      	│	├──Minimum nodes: train (1) | evaluate (0)
[92mINFO [0m:      	│	└──Minimum available nodes: 1
[92mINFO [0m:      	└──> Keys in records:
[92mINFO [0m:      		├── Weighted by: 'num-examples'
[92mINFO [0m:      		├── ArrayRecord key: 'arrays'
[92mINFO [0m:      		└── ConfigRecord key: 'config'
[92mINFO [0m:      
Warning: You are sending unauthenticated requests to the HF Hub. Please set a HF_TOKEN to enable higher rate limits and faster downloads.
/home/rruiz/Privacy-and-Security-Evaluation-of-Federated-Learning/.venv/lib/python3.12/site-packages/ray/_private/worker.py:2051: FutureWarning: Tip: In future versions of Ray, Ray will no longer override accelerator visible devices env var if num_gpus=0 or num_gpus=None (default). To enable this behavior and turn off this error message, set RAY_ACCEL_ENV_VAR_OVERRIDE_ON_ZERO=0
  warnings.warn(
Server-side evaluation round 0: loss=2.9329, accuracy=0.1000
[92mINFO [0m:      Initial global evaluation results: {'accuracy': 0.1, 'loss': 2.9328789893229295}
[92mINFO [0m:      
[92mINFO [0m:      [ROUND 1/5]
[92mINFO [0m:      configure_train: Sampled 6 nodes (out of 6)
[36m(ClientAppActor pid=29240)[0m Warning: You are sending unauthenticated requests to the HF Hub. Please set a HF_TOKEN to enable higher rate limits and faster downloads.
[36m(pid=gcs_server)[0m [2026-06-14 20:09:21,937 E 28562 28562] (gcs_server) gcs_server.cc:302: Failed to establish connection to the event+metrics exporter agent. Events and metrics will not be exported. Exporter agent status: RpcError: Running out of retries to initialize the metrics agent. rpc_code: 14
[36m(ClientAppActor pid=29237)[0m Warning: You are sending unauthenticated requests to the HF Hub. Please set a HF_TOKEN to enable higher rate limits and faster downloads.[32m [repeated 3x across cluster] (Ray deduplicates logs by default. Set RAY_DEDUP_LOGS=0 to disable log deduplication, or see https://docs.ray.io/en/master/ray-observability/user-guides/configure-logging.html#log-deduplication for more options.)[0m
[33m(raylet)[0m [2026-06-14 20:09:22,681 E 28791 28791] (raylet) main.cc:975: Failed to establish connection to the metrics exporter agent. Metrics will not be exported. Exporter agent status: RpcError: Running out of retries to initialize the metrics agent. rpc_code: 14
[36m(pid=28877)[0m [2026-06-14 20:09:23,174 E 28877 29034] core_worker_process.cc:825: Failed to establish connection to the metrics exporter agent. Metrics will not be exported. Exporter agent status: RpcError: Running out of retries to initialize the metrics agent. rpc_code: 14
[92mINFO [0m:      aggregate_train: Received 6 results and 0 failures
[92mINFO [0m:      	└──> Aggregated MetricRecord: {'train_loss': 2.0147179477987187, 'update_norm': 14.261464871777982, 'clipping_scale': 0.8414601233571497, 'noise_std': 0.0}
[92mINFO [0m:      Global evaluation
Server-side evaluation round 1: loss=2.3854, accuracy=0.1006
[92mINFO [0m:      	└──> MetricRecord: {'accuracy': 0.1006, 'loss': 2.385368673664749}
[92mINFO [0m:      
[92mINFO [0m:      [ROUND 2/5]
[92mINFO [0m:      configure_train: Sampled 6 nodes (out of 6)
[92mINFO [0m:      aggregate_train: Received 6 results and 0 failures
[92mINFO [0m:      	└──> Aggregated MetricRecord: {'train_loss': 1.7460078457286625, 'update_norm': 11.156398545730664, 'clipping_scale': 0.9999999999999998, 'noise_std': 0.0}
[92mINFO [0m:      Global evaluation
Server-side evaluation round 2: loss=1.6938, accuracy=0.3635
[92mINFO [0m:      	└──> MetricRecord: {'accuracy': 0.3635, 'loss': 1.693762067017282}
[92mINFO [0m:      
[92mINFO [0m:      [ROUND 3/5]
[92mINFO [0m:      configure_train: Sampled 6 nodes (out of 6)
[92mINFO [0m:      aggregate_train: Received 6 results and 0 failures
[92mINFO [0m:      	└──> Aggregated MetricRecord: {'train_loss': 1.482262353164058, 'update_norm': 9.979912406832309, 'clipping_scale': 1.0, 'noise_std': 0.0}
[92mINFO [0m:      Global evaluation
Server-side evaluation round 3: loss=1.2607, accuracy=0.5483
[92mINFO [0m:      	└──> MetricRecord: {'accuracy': 0.5483, 'loss': 1.260708009741109}
[92mINFO [0m:      
[92mINFO [0m:      [ROUND 4/5]
[92mINFO [0m:      configure_train: Sampled 6 nodes (out of 6)
[92mINFO [0m:      aggregate_train: Received 6 results and 0 failures
[92mINFO [0m:      	└──> Aggregated MetricRecord: {'train_loss': 1.268369298303031, 'update_norm': 9.628029375840702, 'clipping_scale': 1.0, 'noise_std': 0.0}
[92mINFO [0m:      Global evaluation
Server-side evaluation round 4: loss=1.0864, accuracy=0.6102
[92mINFO [0m:      	└──> MetricRecord: {'accuracy': 0.6102, 'loss': 1.086394725331835}
[92mINFO [0m:      
[92mINFO [0m:      [ROUND 5/5]
[92mINFO [0m:      configure_train: Sampled 6 nodes (out of 6)
[92mINFO [0m:      aggregate_train: Received 6 results and 0 failures
[92mINFO [0m:      	└──> Aggregated MetricRecord: {'train_loss': 1.1074639433017672, 'update_norm': 9.408648181661402, 'clipping_scale': 0.9999999999999998, 'noise_std': 0.0}
[92mINFO [0m:      Global evaluation
Server-side evaluation round 5: loss=0.9633, accuracy=0.6640
[92mINFO [0m:      	└──> MetricRecord: {'accuracy': 0.664, 'loss': 0.963296949104139}
[92mINFO [0m:      
[92mINFO [0m:      Strategy execution finished in 194.80s
[92mINFO [0m:      
[92mINFO [0m:      Final results:
[92mINFO [0m:      
[92mINFO [0m:      	Global Arrays:
[92mINFO [0m:      		ArrayRecord (42.677 MB)
[92mINFO [0m:      	
[92mINFO [0m:      	Aggregated ClientApp-side Train Metrics:
[92mINFO [0m:      	{ 1: { 'clipping_scale': '8.4146e-01',
[92mINFO [0m:      	       'noise_std': '0.0000e+00',
[92mINFO [0m:      	       'train_loss': '2.0147e+00',
[92mINFO [0m:      	       'update_norm': '1.4261e+01'},
[92mINFO [0m:      	  2: { 'clipping_scale': '1.0000e+00',
[92mINFO [0m:      	       'noise_std': '0.0000e+00',
[92mINFO [0m:      	       'train_loss': '1.7460e+00',
[92mINFO [0m:      	       'update_norm': '1.1156e+01'},
[92mINFO [0m:      	  3: { 'clipping_scale': '1.0000e+00',
[92mINFO [0m:      	       'noise_std': '0.0000e+00',
[92mINFO [0m:      	       'train_loss': '1.4823e+00',
[92mINFO [0m:      	       'update_norm': '9.9799e+00'},
[92mINFO [0m:      	  4: { 'clipping_scale': '1.0000e+00',
[92mINFO [0m:      	       'noise_std': '0.0000e+00',
[92mINFO [0m:      	       'train_loss': '1.2684e+00',
[92mINFO [0m:      	       'update_norm': '9.6280e+00'},
[92mINFO [0m:      	  5: { 'clipping_scale': '1.0000e+00',
[92mINFO [0m:      	       'noise_std': '0.0000e+00',
[92mINFO [0m:      	       'train_loss': '1.1075e+00',
[92mINFO [0m:      	       'update_norm': '9.4086e+00'}}
[92mINFO [0m:      	
[92mINFO [0m:      	Aggregated ClientApp-side Evaluate Metrics:
[92mINFO [0m:      	{}
[92mINFO [0m:      	
[92mINFO [0m:      	ServerApp-side Evaluate Metrics:
[92mINFO [0m:      	{ 0: {'accuracy': '1.0000e-01', 'loss': '2.9329e+00'},
[92mINFO [0m:      	  1: {'accuracy': '1.0060e-01', 'loss': '2.3854e+00'},
[92mINFO [0m:      	  2: {'accuracy': '3.6350e-01', 'loss': '1.6938e+00'},
[92mINFO [0m:      	  3: {'accuracy': '5.4830e-01', 'loss': '1.2607e+00'},
[92mINFO [0m:      	  4: {'accuracy': '6.1020e-01', 'loss': '1.0864e+00'},
[92mINFO [0m:      	  5: {'accuracy': '6.6400e-01', 'loss': '9.6330e-01'}}
[92mINFO [0m:      

Saving final model to disk...
[36m(ClientAppActor pid=29240)[0m [2026-06-14 20:09:24,024 E 29240 29413] core_worker_process.cc:825: Failed to establish connection to the metrics exporter agent. Metrics will not be exported. Exporter agent status: RpcError: Running out of retries to initialize the metrics agent. rpc_code: 14[32m [repeated 5x across cluster][0m
[92mINFO [0m:      
