Starting local SuperLink on 127.0.0.1:39093...
🎊 Successfully started run 7709785318804600163
[92mINFO [0m:      Starting Flower Simulation
Successfully installed quickstart-pytorch to /home/rruiz/.flwr/apps/flwrlabs.quickstart-pytorch.1.1.1.7a0e7da4.
[INFO] Federated algorithm mode: fedavg
[INFO] Server strategy mode: fedavg
[93mWARNING [0m:   fraction_evaluate is set to 0.0. Federated evaluation will be skipped.
[92mINFO [0m:      Starting FedAvg strategy:
[92mINFO [0m:      	├── Number of rounds: 5
[92mINFO [0m:      	├── ArrayRecord (42.68 MB)
[92mINFO [0m:      	├── ConfigRecord (train): {'lr': 0.03}
[92mINFO [0m:      	├── ConfigRecord (evaluate): (empty!)
[92mINFO [0m:      	├──> Sampling:
[92mINFO [0m:      	│	├──Fraction: train (1.00) | evaluate ( 0.00)
[92mINFO [0m:      	│	├──Minimum nodes: train (1) | evaluate (0)
[92mINFO [0m:      	│	└──Minimum available nodes: 1
[92mINFO [0m:      	└──> Keys in records:
[92mINFO [0m:      		├── Weighted by: 'num-examples'
[92mINFO [0m:      		├── ArrayRecord key: 'arrays'
[92mINFO [0m:      		└── ConfigRecord key: 'config'
[92mINFO [0m:      
/home/rruiz/Privacy-and-Security-Evaluation-of-Federated-Learning/.venv/lib/python3.12/site-packages/ray/_private/worker.py:2051: FutureWarning: Tip: In future versions of Ray, Ray will no longer override accelerator visible devices env var if num_gpus=0 or num_gpus=None (default). To enable this behavior and turn off this error message, set RAY_ACCEL_ENV_VAR_OVERRIDE_ON_ZERO=0
  warnings.warn(
Warning: You are sending unauthenticated requests to the HF Hub. Please set a HF_TOKEN to enable higher rate limits and faster downloads.
Server-side evaluation round 0: loss=2.9329, accuracy=0.1000
[92mINFO [0m:      Initial global evaluation results: {'accuracy': 0.1, 'loss': 2.9328789893229295}
[92mINFO [0m:      
[92mINFO [0m:      [ROUND 1/5]
[92mINFO [0m:      configure_train: Sampled 6 nodes (out of 6)
[36m(ClientAppActor pid=1359)[0m Warning: You are sending unauthenticated requests to the HF Hub. Please set a HF_TOKEN to enable higher rate limits and faster downloads.
[36m(pid=gcs_server)[0m [2026-06-15 12:48:15,262 E 680 680] (gcs_server) gcs_server.cc:302: Failed to establish connection to the event+metrics exporter agent. Events and metrics will not be exported. Exporter agent status: RpcError: Running out of retries to initialize the metrics agent. rpc_code: 14
[36m(ClientAppActor pid=1357)[0m Warning: You are sending unauthenticated requests to the HF Hub. Please set a HF_TOKEN to enable higher rate limits and faster downloads.[32m [repeated 2x across cluster] (Ray deduplicates logs by default. Set RAY_DEDUP_LOGS=0 to disable log deduplication, or see https://docs.ray.io/en/master/ray-observability/user-guides/configure-logging.html#log-deduplication for more options.)[0m
[33m(raylet)[0m [2026-06-15 12:48:16,021 E 909 909] (raylet) main.cc:975: Failed to establish connection to the metrics exporter agent. Metrics will not be exported. Exporter agent status: RpcError: Running out of retries to initialize the metrics agent. rpc_code: 14
[36m(pid=998)[0m [2026-06-15 12:48:16,419 E 998 1168] core_worker_process.cc:825: Failed to establish connection to the metrics exporter agent. Metrics will not be exported. Exporter agent status: RpcError: Running out of retries to initialize the metrics agent. rpc_code: 14
[92mINFO [0m:      aggregate_train: Received 6 results and 0 failures
[92mINFO [0m:      	└──> Aggregated MetricRecord: {'train_loss': 2.0147179477987187, 'update_norm': 14.261464871777983, 'clipping_scale': 0.5259125770982186, 'noise_std': 0.0005}
[92mINFO [0m:      Global evaluation
Server-side evaluation round 1: loss=2.3389, accuracy=0.1000
[92mINFO [0m:      	└──> MetricRecord: {'accuracy': 0.1, 'loss': 2.33890742557064}
[92mINFO [0m:      
[92mINFO [0m:      [ROUND 2/5]
[92mINFO [0m:      configure_train: Sampled 6 nodes (out of 6)
[92mINFO [0m:      aggregate_train: Received 6 results and 0 failures
[92mINFO [0m:      	└──> Aggregated MetricRecord: {'train_loss': 1.80211226993261, 'update_norm': 11.812004096341482, 'clipping_scale': 0.6350007230139956, 'noise_std': 0.0005}
[92mINFO [0m:      Global evaluation
Server-side evaluation round 2: loss=2.2991, accuracy=0.1488
[92mINFO [0m:      	└──> MetricRecord: {'accuracy': 0.1488, 'loss': 2.299109917537422}
[92mINFO [0m:      
[92mINFO [0m:      [ROUND 3/5]
[92mINFO [0m:      configure_train: Sampled 6 nodes (out of 6)
[92mINFO [0m:      aggregate_train: Received 6 results and 0 failures
[92mINFO [0m:      	└──> Aggregated MetricRecord: {'train_loss': 1.5987327853363749, 'update_norm': 10.848553820022124, 'clipping_scale': 0.691370431364183, 'noise_std': 0.0005}
[92mINFO [0m:      Global evaluation
Server-side evaluation round 3: loss=1.9818, accuracy=0.2960
[92mINFO [0m:      	└──> MetricRecord: {'accuracy': 0.296, 'loss': 1.9817710621341778}
[92mINFO [0m:      
[92mINFO [0m:      [ROUND 4/5]
[92mINFO [0m:      configure_train: Sampled 6 nodes (out of 6)
[92mINFO [0m:      aggregate_train: Received 6 results and 0 failures
[92mINFO [0m:      	└──> Aggregated MetricRecord: {'train_loss': 1.3974066681928545, 'update_norm': 10.458683194336377, 'clipping_scale': 0.71711393797337, 'noise_std': 0.0005}
[92mINFO [0m:      Global evaluation
Server-side evaluation round 4: loss=1.2245, accuracy=0.5601
[92mINFO [0m:      	└──> MetricRecord: {'accuracy': 0.5601, 'loss': 1.2245293627878664}
[92mINFO [0m:      
[92mINFO [0m:      [ROUND 5/5]
[92mINFO [0m:      configure_train: Sampled 6 nodes (out of 6)
[92mINFO [0m:      aggregate_train: Received 6 results and 0 failures
[92mINFO [0m:      	└──> Aggregated MetricRecord: {'train_loss': 1.2356071508405375, 'update_norm': 10.051076538354506, 'clipping_scale': 0.746221152097955, 'noise_std': 0.0005}
[92mINFO [0m:      Global evaluation
Server-side evaluation round 5: loss=1.0733, accuracy=0.6161
[92mINFO [0m:      	└──> MetricRecord: {'accuracy': 0.6161, 'loss': 1.0733276985253497}
[92mINFO [0m:      
[92mINFO [0m:      Strategy execution finished in 199.09s
[92mINFO [0m:      
[92mINFO [0m:      Final results:
[92mINFO [0m:      
[92mINFO [0m:      	Global Arrays:
[92mINFO [0m:      		ArrayRecord (42.677 MB)
[92mINFO [0m:      	
[92mINFO [0m:      	Aggregated ClientApp-side Train Metrics:
[92mINFO [0m:      	{ 1: { 'clipping_scale': '5.2591e-01',
[92mINFO [0m:      	       'noise_std': '5.0000e-04',
[92mINFO [0m:      	       'train_loss': '2.0147e+00',
[92mINFO [0m:      	       'update_norm': '1.4261e+01'},
[92mINFO [0m:      	  2: { 'clipping_scale': '6.3500e-01',
[92mINFO [0m:      	       'noise_std': '5.0000e-04',
[92mINFO [0m:      	       'train_loss': '1.8021e+00',
[92mINFO [0m:      	       'update_norm': '1.1812e+01'},
[92mINFO [0m:      	  3: { 'clipping_scale': '6.9137e-01',
[92mINFO [0m:      	       'noise_std': '5.0000e-04',
[92mINFO [0m:      	       'train_loss': '1.5987e+00',
[92mINFO [0m:      	       'update_norm': '1.0849e+01'},
[92mINFO [0m:      	  4: { 'clipping_scale': '7.1711e-01',
[92mINFO [0m:      	       'noise_std': '5.0000e-04',
[92mINFO [0m:      	       'train_loss': '1.3974e+00',
[92mINFO [0m:      	       'update_norm': '1.0459e+01'},
[92mINFO [0m:      	  5: { 'clipping_scale': '7.4622e-01',
[92mINFO [0m:      	       'noise_std': '5.0000e-04',
[92mINFO [0m:      	       'train_loss': '1.2356e+00',
[92mINFO [0m:      	       'update_norm': '1.0051e+01'}}
[92mINFO [0m:      	
[92mINFO [0m:      	Aggregated ClientApp-side Evaluate Metrics:
[92mINFO [0m:      	{}
[92mINFO [0m:      	
[92mINFO [0m:      	ServerApp-side Evaluate Metrics:
[92mINFO [0m:      	{ 0: {'accuracy': '1.0000e-01', 'loss': '2.9329e+00'},
[92mINFO [0m:      	  1: {'accuracy': '1.0000e-01', 'loss': '2.3389e+00'},
[92mINFO [0m:      	  2: {'accuracy': '1.4880e-01', 'loss': '2.2991e+00'},
[92mINFO [0m:      	  3: {'accuracy': '2.9600e-01', 'loss': '1.9818e+00'},
[92mINFO [0m:      	  4: {'accuracy': '5.6010e-01', 'loss': '1.2245e+00'},
[92mINFO [0m:      	  5: {'accuracy': '6.1610e-01', 'loss': '1.0733e+00'}}
[92mINFO [0m:      

Saving final model to disk...
[36m(ClientAppActor pid=1356)[0m [2026-06-15 12:48:18,090 E 1356 1535] core_worker_process.cc:825: Failed to establish connection to the metrics exporter agent. Metrics will not be exported. Exporter agent status: RpcError: Running out of retries to initialize the metrics agent. rpc_code: 14[32m [repeated 5x across cluster][0m
[92mINFO [0m:      
