🎊 Successfully started run 4531160035790064153
[92mINFO [0m:      Starting Flower Simulation
[INFO] Federated algorithm mode: fedavg
[INFO] Server strategy mode: fedavg
[93mWARNING [0m:   fraction_evaluate is set to 0.0. Federated evaluation will be skipped.
[92mINFO [0m:      Starting FedAvg strategy:
[92mINFO [0m:      	├── Number of rounds: 5
[92mINFO [0m:      	├── ArrayRecord (42.68 MB)
[92mINFO [0m:      	├── ConfigRecord (train): {'lr': 0.03}
[92mINFO [0m:      	├── ConfigRecord (evaluate): (empty!)
[92mINFO [0m:      	├──> Sampling:
[92mINFO [0m:      	│	├──Fraction: train (1.00) | evaluate ( 0.00)
[92mINFO [0m:      	│	├──Minimum nodes: train (1) | evaluate (0)
[92mINFO [0m:      	│	└──Minimum available nodes: 1
[92mINFO [0m:      	└──> Keys in records:
[92mINFO [0m:      		├── Weighted by: 'num-examples'
[92mINFO [0m:      		├── ArrayRecord key: 'arrays'
[92mINFO [0m:      		└── ConfigRecord key: 'config'
[92mINFO [0m:      
Warning: You are sending unauthenticated requests to the HF Hub. Please set a HF_TOKEN to enable higher rate limits and faster downloads.
/home/rruiz/Privacy-and-Security-Evaluation-of-Federated-Learning/.venv/lib/python3.12/site-packages/ray/_private/worker.py:2051: FutureWarning: Tip: In future versions of Ray, Ray will no longer override accelerator visible devices env var if num_gpus=0 or num_gpus=None (default). To enable this behavior and turn off this error message, set RAY_ACCEL_ENV_VAR_OVERRIDE_ON_ZERO=0
  warnings.warn(
Server-side evaluation round 0: loss=2.9329, accuracy=0.1000
[92mINFO [0m:      Initial global evaluation results: {'accuracy': 0.1, 'loss': 2.9328789893229295}
[92mINFO [0m:      
[92mINFO [0m:      [ROUND 1/5]
[92mINFO [0m:      configure_train: Sampled 6 nodes (out of 6)
[36m(ClientAppActor pid=3886)[0m Warning: You are sending unauthenticated requests to the HF Hub. Please set a HF_TOKEN to enable higher rate limits and faster downloads.
[36m(pid=gcs_server)[0m [2026-06-15 12:55:29,362 E 3207 3207] (gcs_server) gcs_server.cc:302: Failed to establish connection to the event+metrics exporter agent. Events and metrics will not be exported. Exporter agent status: RpcError: Running out of retries to initialize the metrics agent. rpc_code: 14
[36m(ClientAppActor pid=3884)[0m Warning: You are sending unauthenticated requests to the HF Hub. Please set a HF_TOKEN to enable higher rate limits and faster downloads.[32m [repeated 3x across cluster] (Ray deduplicates logs by default. Set RAY_DEDUP_LOGS=0 to disable log deduplication, or see https://docs.ray.io/en/master/ray-observability/user-guides/configure-logging.html#log-deduplication for more options.)[0m
[33m(raylet)[0m [2026-06-15 12:55:30,212 E 3436 3436] (raylet) main.cc:975: Failed to establish connection to the metrics exporter agent. Metrics will not be exported. Exporter agent status: RpcError: Running out of retries to initialize the metrics agent. rpc_code: 14
[36m(pid=3525)[0m [2026-06-15 12:55:30,727 E 3525 3697] core_worker_process.cc:825: Failed to establish connection to the metrics exporter agent. Metrics will not be exported. Exporter agent status: RpcError: Running out of retries to initialize the metrics agent. rpc_code: 14
[92mINFO [0m:      aggregate_train: Received 6 results and 0 failures
[92mINFO [0m:      	└──> Aggregated MetricRecord: {'train_loss': 2.0147179477987187, 'update_norm': 14.261464871777982, 'clipping_scale': 0.5259125770982186, 'noise_std': 0.002}
[92mINFO [0m:      Global evaluation
Server-side evaluation round 1: loss=2.3396, accuracy=0.1000
[92mINFO [0m:      	└──> MetricRecord: {'accuracy': 0.1, 'loss': 2.3396439628236614}
[92mINFO [0m:      
[92mINFO [0m:      [ROUND 2/5]
[92mINFO [0m:      configure_train: Sampled 6 nodes (out of 6)
[92mINFO [0m:      aggregate_train: Received 6 results and 0 failures
[92mINFO [0m:      	└──> Aggregated MetricRecord: {'train_loss': 1.807193536665523, 'update_norm': 11.755503182626018, 'clipping_scale': 0.6380238683894012, 'noise_std': 0.002}
[92mINFO [0m:      Global evaluation
Server-side evaluation round 2: loss=2.2015, accuracy=0.1580
[92mINFO [0m:      	└──> MetricRecord: {'accuracy': 0.158, 'loss': 2.201526862800501}
[92mINFO [0m:      
[92mINFO [0m:      [ROUND 3/5]
[92mINFO [0m:      configure_train: Sampled 6 nodes (out of 6)
[92mINFO [0m:      aggregate_train: Received 6 results and 0 failures
[92mINFO [0m:      	└──> Aggregated MetricRecord: {'train_loss': 1.6020424963202828, 'update_norm': 10.856534953951638, 'clipping_scale': 0.6908477753281268, 'noise_std': 0.002}
[92mINFO [0m:      Global evaluation
Server-side evaluation round 3: loss=1.9528, accuracy=0.3088
[92mINFO [0m:      	└──> MetricRecord: {'accuracy': 0.3088, 'loss': 1.9527978016312715}
[92mINFO [0m:      
[92mINFO [0m:      [ROUND 4/5]
[92mINFO [0m:      configure_train: Sampled 6 nodes (out of 6)
[92mINFO [0m:      aggregate_train: Received 6 results and 0 failures
[92mINFO [0m:      	└──> Aggregated MetricRecord: {'train_loss': 1.398672829198196, 'update_norm': 10.39956113661377, 'clipping_scale': 0.7212008084356882, 'noise_std': 0.002}
[92mINFO [0m:      Global evaluation
Server-side evaluation round 4: loss=1.2370, accuracy=0.5495
[92mINFO [0m:      	└──> MetricRecord: {'accuracy': 0.5495, 'loss': 1.2370168836253463}
[92mINFO [0m:      
[92mINFO [0m:      [ROUND 5/5]
[92mINFO [0m:      configure_train: Sampled 6 nodes (out of 6)
[92mINFO [0m:      aggregate_train: Received 6 results and 0 failures
[92mINFO [0m:      	└──> Aggregated MetricRecord: {'train_loss': 1.2355205138597798, 'update_norm': 10.040858019530233, 'clipping_scale': 0.7469559214006867, 'noise_std': 0.002}
[92mINFO [0m:      Global evaluation
Server-side evaluation round 5: loss=1.0309, accuracy=0.6271
[92mINFO [0m:      	└──> MetricRecord: {'accuracy': 0.6271, 'loss': 1.030892869849114}
[92mINFO [0m:      
[92mINFO [0m:      Strategy execution finished in 196.08s
[92mINFO [0m:      
[92mINFO [0m:      Final results:
[92mINFO [0m:      
[92mINFO [0m:      	Global Arrays:
[92mINFO [0m:      		ArrayRecord (42.677 MB)
[92mINFO [0m:      	
[92mINFO [0m:      	Aggregated ClientApp-side Train Metrics:
[92mINFO [0m:      	{ 1: { 'clipping_scale': '5.2591e-01',
[92mINFO [0m:      	       'noise_std': '2.0000e-03',
[92mINFO [0m:      	       'train_loss': '2.0147e+00',
[92mINFO [0m:      	       'update_norm': '1.4261e+01'},
[92mINFO [0m:      	  2: { 'clipping_scale': '6.3802e-01',
[92mINFO [0m:      	       'noise_std': '2.0000e-03',
[92mINFO [0m:      	       'train_loss': '1.8072e+00',
[92mINFO [0m:      	       'update_norm': '1.1756e+01'},
[92mINFO [0m:      	  3: { 'clipping_scale': '6.9085e-01',
[92mINFO [0m:      	       'noise_std': '2.0000e-03',
[92mINFO [0m:      	       'train_loss': '1.6020e+00',
[92mINFO [0m:      	       'update_norm': '1.0857e+01'},
[92mINFO [0m:      	  4: { 'clipping_scale': '7.2120e-01',
[92mINFO [0m:      	       'noise_std': '2.0000e-03',
[92mINFO [0m:      	       'train_loss': '1.3987e+00',
[92mINFO [0m:      	       'update_norm': '1.0400e+01'},
[92mINFO [0m:      	  5: { 'clipping_scale': '7.4696e-01',
[92mINFO [0m:      	       'noise_std': '2.0000e-03',
[92mINFO [0m:      	       'train_loss': '1.2355e+00',
[92mINFO [0m:      	       'update_norm': '1.0041e+01'}}
[92mINFO [0m:      	
[92mINFO [0m:      	Aggregated ClientApp-side Evaluate Metrics:
[92mINFO [0m:      	{}
[92mINFO [0m:      	
[92mINFO [0m:      	ServerApp-side Evaluate Metrics:
[92mINFO [0m:      	{ 0: {'accuracy': '1.0000e-01', 'loss': '2.9329e+00'},
[92mINFO [0m:      	  1: {'accuracy': '1.0000e-01', 'loss': '2.3396e+00'},
[92mINFO [0m:      	  2: {'accuracy': '1.5800e-01', 'loss': '2.2015e+00'},
[92mINFO [0m:      	  3: {'accuracy': '3.0880e-01', 'loss': '1.9528e+00'},
[92mINFO [0m:      	  4: {'accuracy': '5.4950e-01', 'loss': '1.2370e+00'},
[92mINFO [0m:      	  5: {'accuracy': '6.2710e-01', 'loss': '1.0309e+00'}}
[92mINFO [0m:      

Saving final model to disk...
[36m(ClientAppActor pid=3886)[0m [2026-06-15 12:55:31,581 E 3886 4060] core_worker_process.cc:825: Failed to establish connection to the metrics exporter agent. Metrics will not be exported. Exporter agent status: RpcError: Running out of retries to initialize the metrics agent. rpc_code: 14[32m [repeated 5x across cluster][0m
[92mINFO [0m:      
