
Flower configuration not found. Created default configuration at /root/.flwr/config.toml

Starting local SuperLink on 127.0.0.1:39093...
🎊 Successfully started run 16348093421169196142
[92mINFO [0m:      Starting Flower Simulation
Successfully installed quickstart-pytorch to /root/.flwr/apps/flwrlabs.quickstart-pytorch.1.1.1.a393633e.
[92mINFO [0m:      Starting FedAvg strategy:
[92mINFO [0m:      	├── Number of rounds: 20
[92mINFO [0m:      	├── ArrayRecord (0.24 MB)
[92mINFO [0m:      	├── ConfigRecord (train): {'lr': 0.01}
[92mINFO [0m:      	├── ConfigRecord (evaluate): (empty!)
[92mINFO [0m:      	├──> Sampling:
[92mINFO [0m:      	│	├──Fraction: train (1.00) | evaluate ( 1.00)
[92mINFO [0m:      	│	├──Minimum nodes: train (2) | evaluate (2)
[92mINFO [0m:      	│	└──Minimum available nodes: 2
[92mINFO [0m:      	└──> Keys in records:
[92mINFO [0m:      		├── Weighted by: 'num-examples'
[92mINFO [0m:      		├── ArrayRecord key: 'arrays'
[92mINFO [0m:      		└── ConfigRecord key: 'config'
[92mINFO [0m:      
[91mERROR [0m:     ServerApp thread raised an exception: 403 Forbidden
[91mERROR [0m:     Traceback (most recent call last):
  File "/root/.pyenv/versions/3.10.19/lib/python3.10/site-packages/flwr/simulation/run_simulation.py", line 203, in server_th_with_start_checks
    updated_context = _run(
  File "/root/.pyenv/versions/3.10.19/lib/python3.10/site-packages/flwr/server/run_serverapp.py", line 61, in run
    server_app(grid=grid, context=context)
  File "/root/.pyenv/versions/3.10.19/lib/python3.10/site-packages/flwr/server/server_app.py", line 175, in __call__
    self._main(grid, context)
  File "/root/.flwr/apps/flwrlabs.quickstart-pytorch.1.1.1.a393633e/fl_security_benchmark/server_app.py", line 29, in main
    result = strategy.start(
  File "/root/.pyenv/versions/3.10.19/lib/python3.10/site-packages/flwr/serverapp/strategy/strategy.py", line 193, in start
    res = evaluate_fn(0, initial_arrays)
  File "/root/.flwr/apps/flwrlabs.quickstart-pytorch.1.1.1.a393633e/fl_security_benchmark/server_app.py", line 49, in global_evaluate
    test_dataloader = load_centralized_dataset()
  File "/root/.flwr/apps/flwrlabs.quickstart-pytorch.1.1.1.a393633e/fl_security_benchmark/task.py", line 81, in load_centralized_dataset
    test_dataset = load_dataset("uoft-cs/cifar10", split="test")
  File "/root/.pyenv/versions/3.10.19/lib/python3.10/site-packages/datasets/load.py", line 1688, in load_dataset
    builder_instance = load_dataset_builder(
  File "/root/.pyenv/versions/3.10.19/lib/python3.10/site-packages/datasets/load.py", line 1315, in load_dataset_builder
    dataset_module = dataset_module_factory(
  File "/root/.pyenv/versions/3.10.19/lib/python3.10/site-packages/datasets/load.py", line 1207, in dataset_module_factory
    raise e1 from None
  File "/root/.pyenv/versions/3.10.19/lib/python3.10/site-packages/datasets/load.py", line 1114, in dataset_module_factory
    dataset_readme_path = api.hf_hub_download(
  File "/root/.pyenv/versions/3.10.19/lib/python3.10/site-packages/huggingface_hub/utils/_validators.py", line 88, in _inner_fn
    return fn(*args, **kwargs)
  File "/root/.pyenv/versions/3.10.19/lib/python3.10/site-packages/huggingface_hub/hf_api.py", line 6172, in hf_hub_download
    return hf_hub_download(
  File "/root/.pyenv/versions/3.10.19/lib/python3.10/site-packages/huggingface_hub/utils/_validators.py", line 88, in _inner_fn
    return fn(*args, **kwargs)
  File "/root/.pyenv/versions/3.10.19/lib/python3.10/site-packages/huggingface_hub/file_download.py", line 997, in hf_hub_download
    return _hf_hub_download_to_cache_dir(
  File "/root/.pyenv/versions/3.10.19/lib/python3.10/site-packages/huggingface_hub/file_download.py", line 1072, in _hf_hub_download_to_cache_dir
    (url_to_download, etag, commit_hash, expected_size, xet_file_data, head_call_error) = _get_metadata_or_catch_error(
  File "/root/.pyenv/versions/3.10.19/lib/python3.10/site-packages/huggingface_hub/file_download.py", line 1669, in _get_metadata_or_catch_error
    metadata = get_hf_file_metadata(
  File "/root/.pyenv/versions/3.10.19/lib/python3.10/site-packages/huggingface_hub/utils/_validators.py", line 88, in _inner_fn
    return fn(*args, **kwargs)
  File "/root/.pyenv/versions/3.10.19/lib/python3.10/site-packages/huggingface_hub/file_download.py", line 1591, in get_hf_file_metadata
    response = _httpx_follow_relative_redirects_with_backoff(
  File "/root/.pyenv/versions/3.10.19/lib/python3.10/site-packages/huggingface_hub/utils/_http.py", line 685, in _httpx_follow_relative_redirects_with_backoff
    response = http_backoff(
  File "/root/.pyenv/versions/3.10.19/lib/python3.10/site-packages/huggingface_hub/utils/_http.py", line 559, in http_backoff
    return next(
  File "/root/.pyenv/versions/3.10.19/lib/python3.10/site-packages/huggingface_hub/utils/_http.py", line 467, in _http_backoff_base
    response = client.request(method=method, url=url, **kwargs)
  File "/root/.pyenv/versions/3.10.19/lib/python3.10/site-packages/httpx/_client.py", line 825, in request
    return self.send(request, auth=auth, follow_redirects=follow_redirects)
  File "/root/.pyenv/versions/3.10.19/lib/python3.10/site-packages/httpx/_client.py", line 914, in send
    response = self._send_handling_auth(
  File "/root/.pyenv/versions/3.10.19/lib/python3.10/site-packages/httpx/_client.py", line 942, in _send_handling_auth
    response = self._send_handling_redirects(
  File "/root/.pyenv/versions/3.10.19/lib/python3.10/site-packages/httpx/_client.py", line 979, in _send_handling_redirects
    response = self._send_single_request(request)
  File "/root/.pyenv/versions/3.10.19/lib/python3.10/site-packages/httpx/_client.py", line 1014, in _send_single_request
    response = transport.handle_request(request)
  File "/root/.pyenv/versions/3.10.19/lib/python3.10/site-packages/httpx/_transports/default.py", line 249, in handle_request
    with map_httpcore_exceptions():
  File "/root/.pyenv/versions/3.10.19/lib/python3.10/contextlib.py", line 153, in __exit__
    self.gen.throw(typ, value, traceback)
  File "/root/.pyenv/versions/3.10.19/lib/python3.10/site-packages/httpx/_transports/default.py", line 118, in map_httpcore_exceptions
    raise mapped_exc(message) from exc
httpx.ProxyError: 403 Forbidden

Exception in thread Thread-9 (server_th_with_start_checks):
Traceback (most recent call last):
  File "/root/.pyenv/versions/3.10.19/lib/python3.10/threading.py", line 1016, in _bootstrap_inner
    self.run()
  File "/root/.pyenv/versions/3.10.19/lib/python3.10/threading.py", line 953, in run
    self._target(*self._args, **self._kwargs)
  File "/root/.pyenv/versions/3.10.19/lib/python3.10/site-packages/flwr/simulation/run_simulation.py", line 203, in server_th_with_start_checks
    updated_context = _run(
  File "/root/.pyenv/versions/3.10.19/lib/python3.10/site-packages/flwr/server/run_serverapp.py", line 61, in run
    server_app(grid=grid, context=context)
  File "/root/.pyenv/versions/3.10.19/lib/python3.10/site-packages/flwr/server/server_app.py", line 175, in __call__
    self._main(grid, context)
  File "/root/.flwr/apps/flwrlabs.quickstart-pytorch.1.1.1.a393633e/fl_security_benchmark/server_app.py", line 29, in main
    result = strategy.start(
  File "/root/.pyenv/versions/3.10.19/lib/python3.10/site-packages/flwr/serverapp/strategy/strategy.py", line 193, in start
    res = evaluate_fn(0, initial_arrays)
  File "/root/.flwr/apps/flwrlabs.quickstart-pytorch.1.1.1.a393633e/fl_security_benchmark/server_app.py", line 49, in global_evaluate
    test_dataloader = load_centralized_dataset()
  File "/root/.flwr/apps/flwrlabs.quickstart-pytorch.1.1.1.a393633e/fl_security_benchmark/task.py", line 81, in load_centralized_dataset
    test_dataset = load_dataset("uoft-cs/cifar10", split="test")
  File "/root/.pyenv/versions/3.10.19/lib/python3.10/site-packages/datasets/load.py", line 1688, in load_dataset
    builder_instance = load_dataset_builder(
  File "/root/.pyenv/versions/3.10.19/lib/python3.10/site-packages/datasets/load.py", line 1315, in load_dataset_builder
    dataset_module = dataset_module_factory(
  File "/root/.pyenv/versions/3.10.19/lib/python3.10/site-packages/datasets/load.py", line 1207, in dataset_module_factory
    raise e1 from None
  File "/root/.pyenv/versions/3.10.19/lib/python3.10/site-packages/datasets/load.py", line 1114, in dataset_module_factory
    dataset_readme_path = api.hf_hub_download(
  File "/root/.pyenv/versions/3.10.19/lib/python3.10/site-packages/huggingface_hub/utils/_validators.py", line 88, in _inner_fn
    return fn(*args, **kwargs)
  File "/root/.pyenv/versions/3.10.19/lib/python3.10/site-packages/huggingface_hub/hf_api.py", line 6172, in hf_hub_download
    return hf_hub_download(
  File "/root/.pyenv/versions/3.10.19/lib/python3.10/site-packages/huggingface_hub/utils/_validators.py", line 88, in _inner_fn
    return fn(*args, **kwargs)
  File "/root/.pyenv/versions/3.10.19/lib/python3.10/site-packages/huggingface_hub/file_download.py", line 997, in hf_hub_download
    return _hf_hub_download_to_cache_dir(
  File "/root/.pyenv/versions/3.10.19/lib/python3.10/site-packages/huggingface_hub/file_download.py", line 1072, in _hf_hub_download_to_cache_dir
    (url_to_download, etag, commit_hash, expected_size, xet_file_data, head_call_error) = _get_metadata_or_catch_error(
  File "/root/.pyenv/versions/3.10.19/lib/python3.10/site-packages/huggingface_hub/file_download.py", line 1669, in _get_metadata_or_catch_error
    metadata = get_hf_file_metadata(
  File "/root/.pyenv/versions/3.10.19/lib/python3.10/site-packages/huggingface_hub/utils/_validators.py", line 88, in _inner_fn
    return fn(*args, **kwargs)
  File "/root/.pyenv/versions/3.10.19/lib/python3.10/site-packages/huggingface_hub/file_download.py", line 1591, in get_hf_file_metadata
    response = _httpx_follow_relative_redirects_with_backoff(
  File "/root/.pyenv/versions/3.10.19/lib/python3.10/site-packages/huggingface_hub/utils/_http.py", line 685, in _httpx_follow_relative_redirects_with_backoff
    response = http_backoff(
  File "/root/.pyenv/versions/3.10.19/lib/python3.10/site-packages/huggingface_hub/utils/_http.py", line 559, in http_backoff
    return next(
  File "/root/.pyenv/versions/3.10.19/lib/python3.10/site-packages/huggingface_hub/utils/_http.py", line 467, in _http_backoff_base
    response = client.request(method=method, url=url, **kwargs)
  File "/root/.pyenv/versions/3.10.19/lib/python3.10/site-packages/httpx/_client.py", line 825, in request
    return self.send(request, auth=auth, follow_redirects=follow_redirects)
  File "/root/.pyenv/versions/3.10.19/lib/python3.10/site-packages/httpx/_client.py", line 914, in send
    response = self._send_handling_auth(
  File "/root/.pyenv/versions/3.10.19/lib/python3.10/site-packages/httpx/_client.py", line 942, in _send_handling_auth
    response = self._send_handling_redirects(
  File "/root/.pyenv/versions/3.10.19/lib/python3.10/site-packages/httpx/_client.py", line 979, in _send_handling_redirects
    response = self._send_single_request(request)
  File "/root/.pyenv/versions/3.10.19/lib/python3.10/site-packages/httpx/_client.py", line 1014, in _send_single_request
    response = transport.handle_request(request)
  File "/root/.pyenv/versions/3.10.19/lib/python3.10/site-packages/httpx/_transports/default.py", line 249, in handle_request
    with map_httpcore_exceptions():
  File "/root/.pyenv/versions/3.10.19/lib/python3.10/contextlib.py", line 153, in __exit__
    self.gen.throw(typ, value, traceback)
  File "/root/.pyenv/versions/3.10.19/lib/python3.10/site-packages/httpx/_transports/default.py", line 118, in map_httpcore_exceptions
    raise mapped_exc(message) from exc
httpx.ProxyError: 403 Forbidden
[91mERROR [0m:     An exception occured!! [Errno 2] No such file or directory: '/tmp/ray/session_2026-04-27_18-38-44_611139_4953/logs/gcs_server.err'
[91mERROR [0m:     Traceback (most recent call last):
  File "/root/.pyenv/versions/3.10.19/lib/python3.10/site-packages/flwr/server/superlink/fleet/vce/vce_api.py", line 205, in run_api
    backend = backend_fn()
  File "/root/.pyenv/versions/3.10.19/lib/python3.10/site-packages/flwr/server/superlink/fleet/vce/vce_api.py", line 356, in backend_fn
    return backend_type(backend_config)
  File "/root/.pyenv/versions/3.10.19/lib/python3.10/site-packages/flwr/server/superlink/fleet/vce/backend/raybackend.py", line 52, in __init__
    self.init_ray(backend_config)
  File "/root/.pyenv/versions/3.10.19/lib/python3.10/site-packages/flwr/server/superlink/fleet/vce/backend/raybackend.py", line 113, in init_ray
    ray.init(
  File "/root/.pyenv/versions/3.10.19/lib/python3.10/site-packages/ray/_private/client_mode_hook.py", line 104, in wrapper
    return func(*args, **kwargs)
  File "/root/.pyenv/versions/3.10.19/lib/python3.10/site-packages/ray/_private/worker.py", line 1910, in init
    _global_node = ray._private.node.Node(
  File "/root/.pyenv/versions/3.10.19/lib/python3.10/site-packages/ray/_private/node.py", line 335, in __init__
    self.start_head_processes()
  File "/root/.pyenv/versions/3.10.19/lib/python3.10/site-packages/ray/_private/node.py", line 1355, in start_head_processes
    assert self.get_gcs_client() is not None
  File "/root/.pyenv/versions/3.10.19/lib/python3.10/site-packages/ray/_private/node.py", line 659, in get_gcs_client
    self._init_gcs_client()
  File "/root/.pyenv/versions/3.10.19/lib/python3.10/site-packages/ray/_private/node.py", line 698, in _init_gcs_client
    with open(os.path.join(self._logs_dir, "gcs_server.err")) as err:
FileNotFoundError: [Errno 2] No such file or directory: '/tmp/ray/session_2026-04-27_18-38-44_611139_4953/logs/gcs_server.err'

[93mWARNING [0m:   Stopping Simulation Engine.
[91mERROR [0m:     An exception occurred !! Simulation Engine crashed.
[91mERROR [0m:     Traceback (most recent call last):
  File "/root/.pyenv/versions/3.10.19/lib/python3.10/site-packages/flwr/server/superlink/fleet/vce/vce_api.py", line 205, in run_api
    backend = backend_fn()
  File "/root/.pyenv/versions/3.10.19/lib/python3.10/site-packages/flwr/server/superlink/fleet/vce/vce_api.py", line 356, in backend_fn
    return backend_type(backend_config)
  File "/root/.pyenv/versions/3.10.19/lib/python3.10/site-packages/flwr/server/superlink/fleet/vce/backend/raybackend.py", line 52, in __init__
    self.init_ray(backend_config)
  File "/root/.pyenv/versions/3.10.19/lib/python3.10/site-packages/flwr/server/superlink/fleet/vce/backend/raybackend.py", line 113, in init_ray
    ray.init(
  File "/root/.pyenv/versions/3.10.19/lib/python3.10/site-packages/ray/_private/client_mode_hook.py", line 104, in wrapper
    return func(*args, **kwargs)
  File "/root/.pyenv/versions/3.10.19/lib/python3.10/site-packages/ray/_private/worker.py", line 1910, in init
    _global_node = ray._private.node.Node(
  File "/root/.pyenv/versions/3.10.19/lib/python3.10/site-packages/ray/_private/node.py", line 335, in __init__
    self.start_head_processes()
  File "/root/.pyenv/versions/3.10.19/lib/python3.10/site-packages/ray/_private/node.py", line 1355, in start_head_processes
    assert self.get_gcs_client() is not None
  File "/root/.pyenv/versions/3.10.19/lib/python3.10/site-packages/ray/_private/node.py", line 659, in get_gcs_client
    self._init_gcs_client()
  File "/root/.pyenv/versions/3.10.19/lib/python3.10/site-packages/ray/_private/node.py", line 698, in _init_gcs_client
    with open(os.path.join(self._logs_dir, "gcs_server.err")) as err:
FileNotFoundError: [Errno 2] No such file or directory: '/tmp/ray/session_2026-04-27_18-38-44_611139_4953/logs/gcs_server.err'

The above exception was the direct cause of the following exception:

Traceback (most recent call last):
  File "/root/.pyenv/versions/3.10.19/lib/python3.10/site-packages/flwr/simulation/run_simulation.py", line 303, in _main_loop
    vce.start_vce(
  File "/root/.pyenv/versions/3.10.19/lib/python3.10/site-packages/flwr/server/superlink/fleet/vce/vce_api.py", line 407, in start_vce
    raise ex
  File "/root/.pyenv/versions/3.10.19/lib/python3.10/site-packages/flwr/server/superlink/fleet/vce/vce_api.py", line 388, in start_vce
    run_api(
  File "/root/.pyenv/versions/3.10.19/lib/python3.10/site-packages/flwr/server/superlink/fleet/vce/vce_api.py", line 257, in run_api
    raise RuntimeError("Simulation Engine crashed.") from ex
RuntimeError: Simulation Engine crashed.

[91mERROR [0m:     Simulation raised an exception
Traceback (most recent call last):
  File "/root/.pyenv/versions/3.10.19/lib/python3.10/site-packages/flwr/server/superlink/fleet/vce/vce_api.py", line 205, in run_api
    backend = backend_fn()
  File "/root/.pyenv/versions/3.10.19/lib/python3.10/site-packages/flwr/server/superlink/fleet/vce/vce_api.py", line 356, in backend_fn
    return backend_type(backend_config)
  File "/root/.pyenv/versions/3.10.19/lib/python3.10/site-packages/flwr/server/superlink/fleet/vce/backend/raybackend.py", line 52, in __init__
    self.init_ray(backend_config)
  File "/root/.pyenv/versions/3.10.19/lib/python3.10/site-packages/flwr/server/superlink/fleet/vce/backend/raybackend.py", line 113, in init_ray
    ray.init(
  File "/root/.pyenv/versions/3.10.19/lib/python3.10/site-packages/ray/_private/client_mode_hook.py", line 104, in wrapper
    return func(*args, **kwargs)
  File "/root/.pyenv/versions/3.10.19/lib/python3.10/site-packages/ray/_private/worker.py", line 1910, in init
    _global_node = ray._private.node.Node(
  File "/root/.pyenv/versions/3.10.19/lib/python3.10/site-packages/ray/_private/node.py", line 335, in __init__
    self.start_head_processes()
  File "/root/.pyenv/versions/3.10.19/lib/python3.10/site-packages/ray/_private/node.py", line 1355, in start_head_processes
    assert self.get_gcs_client() is not None
  File "/root/.pyenv/versions/3.10.19/lib/python3.10/site-packages/ray/_private/node.py", line 659, in get_gcs_client
    self._init_gcs_client()
  File "/root/.pyenv/versions/3.10.19/lib/python3.10/site-packages/ray/_private/node.py", line 698, in _init_gcs_client
    with open(os.path.join(self._logs_dir, "gcs_server.err")) as err:
FileNotFoundError: [Errno 2] No such file or directory: '/tmp/ray/session_2026-04-27_18-38-44_611139_4953/logs/gcs_server.err'

The above exception was the direct cause of the following exception:

Traceback (most recent call last):
  File "/root/.pyenv/versions/3.10.19/lib/python3.10/site-packages/flwr/simulation/run_simulation.py", line 303, in _main_loop
    vce.start_vce(
  File "/root/.pyenv/versions/3.10.19/lib/python3.10/site-packages/flwr/server/superlink/fleet/vce/vce_api.py", line 407, in start_vce
    raise ex
  File "/root/.pyenv/versions/3.10.19/lib/python3.10/site-packages/flwr/server/superlink/fleet/vce/vce_api.py", line 388, in start_vce
    run_api(
  File "/root/.pyenv/versions/3.10.19/lib/python3.10/site-packages/flwr/server/superlink/fleet/vce/vce_api.py", line 257, in run_api
    raise RuntimeError("Simulation Engine crashed.") from ex
RuntimeError: Simulation Engine crashed.

The above exception was the direct cause of the following exception:

Traceback (most recent call last):
  File "/root/.pyenv/versions/3.10.19/lib/python3.10/site-packages/flwr/simulation/run_simulation.py", line 325, in _main_loop
    raise RuntimeError("An error was encountered. Ending simulation.") from ex
RuntimeError: An error was encountered. Ending simulation.

During handling of the above exception, another exception occurred:

Traceback (most recent call last):
  File "/root/.pyenv/versions/3.10.19/lib/python3.10/site-packages/flwr/simulation/app.py", line 303, in run_simulation_process
    updated_context = _run_simulation(
  File "/root/.pyenv/versions/3.10.19/lib/python3.10/site-packages/flwr/simulation/run_simulation.py", line 462, in _run_simulation
    updated_context = _main_loop(*args)
  File "/root/.pyenv/versions/3.10.19/lib/python3.10/site-packages/flwr/simulation/run_simulation.py", line 339, in _main_loop
    raise RuntimeError("Exception in ServerApp thread")
RuntimeError: Exception in ServerApp thread
[91mERROR [0m:     Exit Code: 700

An unhandled exception occurred when running the simulation.

For more information, visit: <https://flower.ai/docs/framework/1.29/en/ref-exit-codes/700.html>
