🎊 Successfully started run 6612526524610489951
[92mINFO [0m:      Starting Flower Simulation
Successfully installed quickstart-pytorch to /home/rruiz/.flwr/apps/flwrlabs.quickstart-pytorch.1.1.1.19882f35.
[INFO] Federated algorithm mode: fedavg
[INFO] Server strategy mode: fedavg
[93mWARNING [0m:   fraction_evaluate is set to 0.0. Federated evaluation will be skipped.
[92mINFO [0m:      Starting FedAvg strategy:
[92mINFO [0m:      	├── Number of rounds: 20
[92mINFO [0m:      	├── ArrayRecord (42.68 MB)
[92mINFO [0m:      	├── ConfigRecord (train): {'lr': 0.02}
[92mINFO [0m:      	├── ConfigRecord (evaluate): (empty!)
[92mINFO [0m:      	├──> Sampling:
[92mINFO [0m:      	│	├──Fraction: train (1.00) | evaluate ( 0.00)
[92mINFO [0m:      	│	├──Minimum nodes: train (1) | evaluate (0)
[92mINFO [0m:      	│	└──Minimum available nodes: 1
[92mINFO [0m:      	└──> Keys in records:
[92mINFO [0m:      		├── Weighted by: 'num-examples'
[92mINFO [0m:      		├── ArrayRecord key: 'arrays'
[92mINFO [0m:      		└── ConfigRecord key: 'config'
[92mINFO [0m:      
Warning: You are sending unauthenticated requests to the HF Hub. Please set a HF_TOKEN to enable higher rate limits and faster downloads.
/home/rruiz/Privacy-and-Security-Evaluation-of-Federated-Learning/.venv/lib/python3.12/site-packages/ray/_private/worker.py:2051: FutureWarning: Tip: In future versions of Ray, Ray will no longer override accelerator visible devices env var if num_gpus=0 or num_gpus=None (default). To enable this behavior and turn off this error message, set RAY_ACCEL_ENV_VAR_OVERRIDE_ON_ZERO=0
  warnings.warn(
Server-side evaluation round 0: loss=2.9329, accuracy=0.1000
[92mINFO [0m:      Initial global evaluation results: {'accuracy': 0.1, 'loss': 2.9328789893229295}
[92mINFO [0m:      
[92mINFO [0m:      [ROUND 1/20]
[92mINFO [0m:      configure_train: Sampled 6 nodes (out of 6)
[36m(ClientAppActor pid=21655)[0m Warning: You are sending unauthenticated requests to the HF Hub. Please set a HF_TOKEN to enable higher rate limits and faster downloads.
[36m(pid=gcs_server)[0m [2026-06-14 18:53:48,992 E 20979 20979] (gcs_server) gcs_server.cc:302: Failed to establish connection to the event+metrics exporter agent. Events and metrics will not be exported. Exporter agent status: RpcError: Running out of retries to initialize the metrics agent. rpc_code: 14
[36m(ClientAppActor pid=21656)[0m Warning: You are sending unauthenticated requests to the HF Hub. Please set a HF_TOKEN to enable higher rate limits and faster downloads.[32m [repeated 3x across cluster] (Ray deduplicates logs by default. Set RAY_DEDUP_LOGS=0 to disable log deduplication, or see https://docs.ray.io/en/master/ray-observability/user-guides/configure-logging.html#log-deduplication for more options.)[0m
[33m(raylet)[0m [2026-06-14 18:53:49,751 E 21208 21208] (raylet) main.cc:975: Failed to establish connection to the metrics exporter agent. Metrics will not be exported. Exporter agent status: RpcError: Running out of retries to initialize the metrics agent. rpc_code: 14
[36m(pid=21294)[0m [2026-06-14 18:53:50,149 E 21294 21458] core_worker_process.cc:825: Failed to establish connection to the metrics exporter agent. Metrics will not be exported. Exporter agent status: RpcError: Running out of retries to initialize the metrics agent. rpc_code: 14
[92mINFO [0m:      aggregate_train: Received 6 results and 0 failures
[92mINFO [0m:      	└──> Aggregated MetricRecord: {'train_loss': 1.978980683030462}
[92mINFO [0m:      Global evaluation
Server-side evaluation round 1: loss=2.3894, accuracy=0.1081
[92mINFO [0m:      	└──> MetricRecord: {'accuracy': 0.1081, 'loss': 2.3893543185701795}
[92mINFO [0m:      
[92mINFO [0m:      [ROUND 2/20]
[92mINFO [0m:      configure_train: Sampled 6 nodes (out of 6)
[92mINFO [0m:      aggregate_train: Received 6 results and 0 failures
[92mINFO [0m:      	└──> Aggregated MetricRecord: {'train_loss': 1.7046803297591995}
[92mINFO [0m:      Global evaluation
Server-side evaluation round 2: loss=1.7096, accuracy=0.3667
[92mINFO [0m:      	└──> MetricRecord: {'accuracy': 0.3667, 'loss': 1.7095805839368492}
[92mINFO [0m:      
[92mINFO [0m:      [ROUND 3/20]
[92mINFO [0m:      configure_train: Sampled 6 nodes (out of 6)
[92mINFO [0m:      aggregate_train: Received 6 results and 0 failures
[92mINFO [0m:      	└──> Aggregated MetricRecord: {'train_loss': 1.448038801395297}
[92mINFO [0m:      Global evaluation
Server-side evaluation round 3: loss=1.1970, accuracy=0.5656
[92mINFO [0m:      	└──> MetricRecord: {'accuracy': 0.5656, 'loss': 1.1969924815900765}
[92mINFO [0m:      
[92mINFO [0m:      [ROUND 4/20]
[92mINFO [0m:      configure_train: Sampled 6 nodes (out of 6)
[92mINFO [0m:      aggregate_train: Received 6 results and 0 failures
[92mINFO [0m:      	└──> Aggregated MetricRecord: {'train_loss': 1.2359290960311085}
[92mINFO [0m:      Global evaluation
Server-side evaluation round 4: loss=1.0503, accuracy=0.6223
[92mINFO [0m:      	└──> MetricRecord: {'accuracy': 0.6223, 'loss': 1.050304761737775}
[92mINFO [0m:      
[92mINFO [0m:      [ROUND 5/20]
[92mINFO [0m:      configure_train: Sampled 6 nodes (out of 6)
[92mINFO [0m:      aggregate_train: Received 6 results and 0 failures
[92mINFO [0m:      	└──> Aggregated MetricRecord: {'train_loss': 1.0768621553786983}
[92mINFO [0m:      Global evaluation
Server-side evaluation round 5: loss=0.9543, accuracy=0.6658
[92mINFO [0m:      	└──> MetricRecord: {'accuracy': 0.6658, 'loss': 0.9542604745573299}
[92mINFO [0m:      
[92mINFO [0m:      [ROUND 6/20]
[92mINFO [0m:      configure_train: Sampled 6 nodes (out of 6)
[92mINFO [0m:      aggregate_train: Received 6 results and 0 failures
[92mINFO [0m:      	└──> Aggregated MetricRecord: {'train_loss': 0.9549433643385529}
[92mINFO [0m:      Global evaluation
Server-side evaluation round 6: loss=0.8256, accuracy=0.7108
[92mINFO [0m:      	└──> MetricRecord: {'accuracy': 0.7108, 'loss': 0.8256074509043603}
[92mINFO [0m:      
[92mINFO [0m:      [ROUND 7/20]
[92mINFO [0m:      configure_train: Sampled 6 nodes (out of 6)
[92mINFO [0m:      aggregate_train: Received 6 results and 0 failures
[92mINFO [0m:      	└──> Aggregated MetricRecord: {'train_loss': 0.8525030150739581}
[92mINFO [0m:      Global evaluation
Server-side evaluation round 7: loss=0.7292, accuracy=0.7468
[92mINFO [0m:      	└──> MetricRecord: {'accuracy': 0.7468, 'loss': 0.7291513077772347}
[92mINFO [0m:      
[92mINFO [0m:      [ROUND 8/20]
[92mINFO [0m:      configure_train: Sampled 6 nodes (out of 6)
[92mINFO [0m:      aggregate_train: Received 6 results and 0 failures
[92mINFO [0m:      	└──> Aggregated MetricRecord: {'train_loss': 0.7695276647685529}
[92mINFO [0m:      Global evaluation
Server-side evaluation round 8: loss=0.6873, accuracy=0.7653
[92mINFO [0m:      	└──> MetricRecord: {'accuracy': 0.7653, 'loss': 0.6872719203590587}
[92mINFO [0m:      
[92mINFO [0m:      [ROUND 9/20]
[92mINFO [0m:      configure_train: Sampled 6 nodes (out of 6)
[92mINFO [0m:      aggregate_train: Received 6 results and 0 failures
[92mINFO [0m:      	└──> Aggregated MetricRecord: {'train_loss': 0.7029597852127467}
[92mINFO [0m:      Global evaluation
Server-side evaluation round 9: loss=0.6516, accuracy=0.7791
[92mINFO [0m:      	└──> MetricRecord: {'accuracy': 0.7791, 'loss': 0.6515667812459788}
[92mINFO [0m:      
[92mINFO [0m:      [ROUND 10/20]
[92mINFO [0m:      configure_train: Sampled 6 nodes (out of 6)
[92mINFO [0m:      aggregate_train: Received 6 results and 0 failures
[92mINFO [0m:      	└──> Aggregated MetricRecord: {'train_loss': 0.6431095901797605}
[92mINFO [0m:      Global evaluation
Server-side evaluation round 10: loss=0.6237, accuracy=0.7928
[92mINFO [0m:      	└──> MetricRecord: {'accuracy': 0.7928, 'loss': 0.6237177144569955}
[92mINFO [0m:      
[92mINFO [0m:      [ROUND 11/20]
[92mINFO [0m:      configure_train: Sampled 6 nodes (out of 6)
[92mINFO [0m:      aggregate_train: Received 6 results and 0 failures
[92mINFO [0m:      	└──> Aggregated MetricRecord: {'train_loss': 0.5937232283647369}
[92mINFO [0m:      Global evaluation
Server-side evaluation round 11: loss=0.6001, accuracy=0.8022
[92mINFO [0m:      	└──> MetricRecord: {'accuracy': 0.8022, 'loss': 0.6001357724712153}
[92mINFO [0m:      
[92mINFO [0m:      [ROUND 12/20]
[92mINFO [0m:      configure_train: Sampled 6 nodes (out of 6)
[92mINFO [0m:      aggregate_train: Received 6 results and 0 failures
[92mINFO [0m:      	└──> Aggregated MetricRecord: {'train_loss': 0.5479955695289422}
[92mINFO [0m:      Global evaluation
Server-side evaluation round 12: loss=0.5721, accuracy=0.8127
[92mINFO [0m:      	└──> MetricRecord: {'accuracy': 0.8127, 'loss': 0.5721284016302437}
[92mINFO [0m:      
[92mINFO [0m:      [ROUND 13/20]
[92mINFO [0m:      configure_train: Sampled 6 nodes (out of 6)
[92mINFO [0m:      aggregate_train: Received 6 results and 0 failures
[92mINFO [0m:      	└──> Aggregated MetricRecord: {'train_loss': 0.5089132668296947}
[92mINFO [0m:      Global evaluation
Server-side evaluation round 13: loss=0.5437, accuracy=0.8212
[92mINFO [0m:      	└──> MetricRecord: {'accuracy': 0.8212, 'loss': 0.5436595414474512}
[92mINFO [0m:      
[92mINFO [0m:      [ROUND 14/20]
[92mINFO [0m:      configure_train: Sampled 6 nodes (out of 6)
[92mINFO [0m:      aggregate_train: Received 6 results and 0 failures
[92mINFO [0m:      	└──> Aggregated MetricRecord: {'train_loss': 0.4721981686151184}
[92mINFO [0m:      Global evaluation
Server-side evaluation round 14: loss=0.5476, accuracy=0.8241
[92mINFO [0m:      	└──> MetricRecord: {'accuracy': 0.8241, 'loss': 0.5475943158766267}
[92mINFO [0m:      
[92mINFO [0m:      [ROUND 15/20]
[92mINFO [0m:      configure_train: Sampled 6 nodes (out of 6)
[92mINFO [0m:      aggregate_train: Received 6 results and 0 failures
[92mINFO [0m:      	└──> Aggregated MetricRecord: {'train_loss': 0.43343930537779063}
[92mINFO [0m:      Global evaluation
Server-side evaluation round 15: loss=0.5522, accuracy=0.8231
[92mINFO [0m:      	└──> MetricRecord: {'accuracy': 0.8231, 'loss': 0.5521942589693009}
[92mINFO [0m:      
[92mINFO [0m:      [ROUND 16/20]
[92mINFO [0m:      configure_train: Sampled 6 nodes (out of 6)
[92mINFO [0m:      aggregate_train: Received 6 results and 0 failures
[92mINFO [0m:      	└──> Aggregated MetricRecord: {'train_loss': 0.39971681053307484}
[92mINFO [0m:      Global evaluation
Server-side evaluation round 16: loss=0.5883, accuracy=0.8173
[92mINFO [0m:      	└──> MetricRecord: {'accuracy': 0.8173, 'loss': 0.5883286939874576}
[92mINFO [0m:      
[92mINFO [0m:      [ROUND 17/20]
[92mINFO [0m:      configure_train: Sampled 6 nodes (out of 6)
[92mINFO [0m:      aggregate_train: Received 6 results and 0 failures
[92mINFO [0m:      	└──> Aggregated MetricRecord: {'train_loss': 0.37256488656365433}
[92mINFO [0m:      Global evaluation
Server-side evaluation round 17: loss=0.5160, accuracy=0.8324
[92mINFO [0m:      	└──> MetricRecord: {'accuracy': 0.8324, 'loss': 0.5160436473644463}
[92mINFO [0m:      
[92mINFO [0m:      [ROUND 18/20]
[92mINFO [0m:      configure_train: Sampled 6 nodes (out of 6)
[92mINFO [0m:      aggregate_train: Received 6 results and 0 failures
[92mINFO [0m:      	└──> Aggregated MetricRecord: {'train_loss': 0.3437916357858476}
[92mINFO [0m:      Global evaluation
Server-side evaluation round 18: loss=0.5921, accuracy=0.8227
[92mINFO [0m:      	└──> MetricRecord: {'accuracy': 0.8227, 'loss': 0.5920886509357743}
[92mINFO [0m:      
[92mINFO [0m:      [ROUND 19/20]
[92mINFO [0m:      configure_train: Sampled 6 nodes (out of 6)
[92mINFO [0m:      aggregate_train: Received 6 results and 0 failures
[92mINFO [0m:      	└──> Aggregated MetricRecord: {'train_loss': 0.31646503723693753}
[92mINFO [0m:      Global evaluation
Server-side evaluation round 19: loss=0.5137, accuracy=0.8382
[92mINFO [0m:      	└──> MetricRecord: {'accuracy': 0.8382, 'loss': 0.513699752889621}
[92mINFO [0m:      
[92mINFO [0m:      [ROUND 20/20]
[92mINFO [0m:      configure_train: Sampled 6 nodes (out of 6)
[92mINFO [0m:      aggregate_train: Received 6 results and 0 failures
[92mINFO [0m:      	└──> Aggregated MetricRecord: {'train_loss': 0.2908200569452332}
[92mINFO [0m:      Global evaluation
Server-side evaluation round 20: loss=0.5395, accuracy=0.8330
[92mINFO [0m:      	└──> MetricRecord: {'accuracy': 0.833, 'loss': 0.5394873992083179}
[92mINFO [0m:      
[92mINFO [0m:      Strategy execution finished in 762.64s
[92mINFO [0m:      
[92mINFO [0m:      Final results:
[92mINFO [0m:      
[92mINFO [0m:      	Global Arrays:
[92mINFO [0m:      		ArrayRecord (42.677 MB)
[92mINFO [0m:      	
[92mINFO [0m:      	Aggregated ClientApp-side Train Metrics:
[92mINFO [0m:      	{ 1: {'train_loss': '1.9790e+00'},
[92mINFO [0m:      	  2: {'train_loss': '1.7047e+00'},
[92mINFO [0m:      	  3: {'train_loss': '1.4480e+00'},
[92mINFO [0m:      	  4: {'train_loss': '1.2359e+00'},
[92mINFO [0m:      	  5: {'train_loss': '1.0769e+00'},
[92mINFO [0m:      	  6: {'train_loss': '9.5494e-01'},
[92mINFO [0m:      	  7: {'train_loss': '8.5250e-01'},
[92mINFO [0m:      	  8: {'train_loss': '7.6953e-01'},
[92mINFO [0m:      	  9: {'train_loss': '7.0296e-01'},
[92mINFO [0m:      	  10: {'train_loss': '6.4311e-01'},
[92mINFO [0m:      	  11: {'train_loss': '5.9372e-01'},
[92mINFO [0m:      	  12: {'train_loss': '5.4800e-01'},
[92mINFO [0m:      	  13: {'train_loss': '5.0891e-01'},
[92mINFO [0m:      	  14: {'train_loss': '4.7220e-01'},
[92mINFO [0m:      	  15: {'train_loss': '4.3344e-01'},
[92mINFO [0m:      	  16: {'train_loss': '3.9972e-01'},
[92mINFO [0m:      	  17: {'train_loss': '3.7256e-01'},
[92mINFO [0m:      	  18: {'train_loss': '3.4379e-01'},
[92mINFO [0m:      	  19: {'train_loss': '3.1647e-01'},
[92mINFO [0m:      	  20: {'train_loss': '2.9082e-01'}}
[92mINFO [0m:      	
[92mINFO [0m:      	Aggregated ClientApp-side Evaluate Metrics:
[92mINFO [0m:      	{}
[92mINFO [0m:      	
[92mINFO [0m:      	ServerApp-side Evaluate Metrics:
[92mINFO [0m:      	{ 0: {'accuracy': '1.0000e-01', 'loss': '2.9329e+00'},
[92mINFO [0m:      	  1: {'accuracy': '1.0810e-01', 'loss': '2.3894e+00'},
[92mINFO [0m:      	  2: {'accuracy': '3.6670e-01', 'loss': '1.7096e+00'},
[92mINFO [0m:      	  3: {'accuracy': '5.6560e-01', 'loss': '1.1970e+00'},
[92mINFO [0m:      	  4: {'accuracy': '6.2230e-01', 'loss': '1.0503e+00'},
[92mINFO [0m:      	  5: {'accuracy': '6.6580e-01', 'loss': '9.5426e-01'},
[92mINFO [0m:      	  6: {'accuracy': '7.1080e-01', 'loss': '8.2561e-01'},
[92mINFO [0m:      	  7: {'accuracy': '7.4680e-01', 'loss': '7.2915e-01'},
[92mINFO [0m:      	  8: {'accuracy': '7.6530e-01', 'loss': '6.8727e-01'},
[92mINFO [0m:      	  9: {'accuracy': '7.7910e-01', 'loss': '6.5157e-01'},
[92mINFO [0m:      	  10: {'accuracy': '7.9280e-01', 'loss': '6.2372e-01'},
[92mINFO [0m:      	  11: {'accuracy': '8.0220e-01', 'loss': '6.0014e-01'},
[92mINFO [0m:      	  12: {'accuracy': '8.1270e-01', 'loss': '5.7213e-01'},
[92mINFO [0m:      	  13: {'accuracy': '8.2120e-01', 'loss': '5.4366e-01'},
[92mINFO [0m:      	  14: {'accuracy': '8.2410e-01', 'loss': '5.4759e-01'},
[92mINFO [0m:      	  15: {'accuracy': '8.2310e-01', 'loss': '5.5219e-01'},
[92mINFO [0m:      	  16: {'accuracy': '8.1730e-01', 'loss': '5.8833e-01'},
[92mINFO [0m:      	  17: {'accuracy': '8.3240e-01', 'loss': '5.1604e-01'},
[92mINFO [0m:      	  18: {'accuracy': '8.2270e-01', 'loss': '5.9209e-01'},
[92mINFO [0m:      	  19: {'accuracy': '8.3820e-01', 'loss': '5.1370e-01'},
[92mINFO [0m:      	  20: {'accuracy': '8.3300e-01', 'loss': '5.3949e-01'}}
[92mINFO [0m:      

Saving final model to disk...
[36m(ClientAppActor pid=21655)[0m [93mWARNING [0m:   Manually terminating ClientAppActor
[36m(ClientAppActor pid=21656)[0m [2026-06-14 18:53:50,862 E 21656 21831] core_worker_process.cc:825: Failed to establish connection to the metrics exporter agent. Metrics will not be exported. Exporter agent status: RpcError: Running out of retries to initialize the metrics agent. rpc_code: 14[32m [repeated 5x across cluster][0m
[36m(ClientAppActor pid=21656)[0m [93mWARNING [0m:   Manually terminating ClientAppActor[32m [repeated 3x across cluster][0m
[92mINFO [0m:      
