🎊 Successfully started run 8067311344518318179
[92mINFO [0m:      Starting Flower Simulation
Successfully installed quickstart-pytorch to /home/rruiz/.flwr/apps/flwrlabs.quickstart-pytorch.1.1.1.45659a58.
[INFO] Federated algorithm mode: fedavg
[INFO] Server strategy mode: fedavg
[93mWARNING [0m:   fraction_evaluate is set to 0.0. Federated evaluation will be skipped.
[92mINFO [0m:      Starting FedAvg strategy:
[92mINFO [0m:      	├── Number of rounds: 20
[92mINFO [0m:      	├── ArrayRecord (42.68 MB)
[92mINFO [0m:      	├── ConfigRecord (train): {'lr': 0.05}
[92mINFO [0m:      	├── ConfigRecord (evaluate): (empty!)
[92mINFO [0m:      	├──> Sampling:
[92mINFO [0m:      	│	├──Fraction: train (1.00) | evaluate ( 0.00)
[92mINFO [0m:      	│	├──Minimum nodes: train (1) | evaluate (0)
[92mINFO [0m:      	│	└──Minimum available nodes: 1
[92mINFO [0m:      	└──> Keys in records:
[92mINFO [0m:      		├── Weighted by: 'num-examples'
[92mINFO [0m:      		├── ArrayRecord key: 'arrays'
[92mINFO [0m:      		└── ConfigRecord key: 'config'
[92mINFO [0m:      
/home/rruiz/Privacy-and-Security-Evaluation-of-Federated-Learning/.venv/lib/python3.12/site-packages/ray/_private/worker.py:2051: FutureWarning: Tip: In future versions of Ray, Ray will no longer override accelerator visible devices env var if num_gpus=0 or num_gpus=None (default). To enable this behavior and turn off this error message, set RAY_ACCEL_ENV_VAR_OVERRIDE_ON_ZERO=0
  warnings.warn(
Warning: You are sending unauthenticated requests to the HF Hub. Please set a HF_TOKEN to enable higher rate limits and faster downloads.
Server-side evaluation round 0: loss=2.9329, accuracy=0.1000
[92mINFO [0m:      Initial global evaluation results: {'accuracy': 0.1, 'loss': 2.9328789893229295}
[92mINFO [0m:      
[92mINFO [0m:      [ROUND 1/20]
[92mINFO [0m:      configure_train: Sampled 6 nodes (out of 6)
[36m(ClientAppActor pid=20460)[0m Warning: You are sending unauthenticated requests to the HF Hub. Please set a HF_TOKEN to enable higher rate limits and faster downloads.
[36m(pid=gcs_server)[0m [2026-06-14 16:52:15,864 E 19781 19781] (gcs_server) gcs_server.cc:302: Failed to establish connection to the event+metrics exporter agent. Events and metrics will not be exported. Exporter agent status: RpcError: Running out of retries to initialize the metrics agent. rpc_code: 14
[36m(ClientAppActor pid=20458)[0m Warning: You are sending unauthenticated requests to the HF Hub. Please set a HF_TOKEN to enable higher rate limits and faster downloads.[32m [repeated 2x across cluster] (Ray deduplicates logs by default. Set RAY_DEDUP_LOGS=0 to disable log deduplication, or see https://docs.ray.io/en/master/ray-observability/user-guides/configure-logging.html#log-deduplication for more options.)[0m
[33m(raylet)[0m [2026-06-14 16:52:16,631 E 20010 20010] (raylet) main.cc:975: Failed to establish connection to the metrics exporter agent. Metrics will not be exported. Exporter agent status: RpcError: Running out of retries to initialize the metrics agent. rpc_code: 14
[36m(pid=20097)[0m [2026-06-14 16:52:17,014 E 20097 20229] core_worker_process.cc:825: Failed to establish connection to the metrics exporter agent. Metrics will not be exported. Exporter agent status: RpcError: Running out of retries to initialize the metrics agent. rpc_code: 14
[92mINFO [0m:      aggregate_train: Received 6 results and 0 failures
[92mINFO [0m:      	└──> Aggregated MetricRecord: {'train_loss': 2.389216981165247}
[92mINFO [0m:      Global evaluation
Server-side evaluation round 1: loss=2.3298, accuracy=0.1000
[92mINFO [0m:      	└──> MetricRecord: {'accuracy': 0.1, 'loss': 2.3297805209068736}
[92mINFO [0m:      
[92mINFO [0m:      [ROUND 2/20]
[92mINFO [0m:      configure_train: Sampled 6 nodes (out of 6)
[92mINFO [0m:      aggregate_train: Received 6 results and 0 failures
[92mINFO [0m:      	└──> Aggregated MetricRecord: {'train_loss': 1.9633196518463822}
[92mINFO [0m:      Global evaluation
Server-side evaluation round 2: loss=1.8553, accuracy=0.3251
[92mINFO [0m:      	└──> MetricRecord: {'accuracy': 0.3251, 'loss': 1.855323759613523}
[92mINFO [0m:      
[92mINFO [0m:      [ROUND 3/20]
[92mINFO [0m:      configure_train: Sampled 6 nodes (out of 6)
[92mINFO [0m:      aggregate_train: Received 6 results and 0 failures
[92mINFO [0m:      	└──> Aggregated MetricRecord: {'train_loss': 1.7786056145575917}
[92mINFO [0m:      Global evaluation
Server-side evaluation round 3: loss=1.5661, accuracy=0.4196
[92mINFO [0m:      	└──> MetricRecord: {'accuracy': 0.4196, 'loss': 1.5660731055933959}
[92mINFO [0m:      
[92mINFO [0m:      [ROUND 4/20]
[92mINFO [0m:      configure_train: Sampled 6 nodes (out of 6)
[92mINFO [0m:      aggregate_train: Received 6 results and 0 failures
[92mINFO [0m:      	└──> Aggregated MetricRecord: {'train_loss': 1.6532218771537175}
[92mINFO [0m:      Global evaluation
Server-side evaluation round 4: loss=1.4271, accuracy=0.4743
[92mINFO [0m:      	└──> MetricRecord: {'accuracy': 0.4743, 'loss': 1.4271255443050603}
[92mINFO [0m:      
[92mINFO [0m:      [ROUND 5/20]
[92mINFO [0m:      configure_train: Sampled 6 nodes (out of 6)
[92mINFO [0m:      aggregate_train: Received 6 results and 0 failures
[92mINFO [0m:      	└──> Aggregated MetricRecord: {'train_loss': 1.546242157781137}
[92mINFO [0m:      Global evaluation
Server-side evaluation round 5: loss=1.3211, accuracy=0.5151
[92mINFO [0m:      	└──> MetricRecord: {'accuracy': 0.5151, 'loss': 1.3211346318008035}
[92mINFO [0m:      
[92mINFO [0m:      [ROUND 6/20]
[92mINFO [0m:      configure_train: Sampled 6 nodes (out of 6)
[92mINFO [0m:      aggregate_train: Received 6 results and 0 failures
[92mINFO [0m:      	└──> Aggregated MetricRecord: {'train_loss': 1.4434135271811852}
[92mINFO [0m:      Global evaluation
Server-side evaluation round 6: loss=1.2416, accuracy=0.5478
[92mINFO [0m:      	└──> MetricRecord: {'accuracy': 0.5478, 'loss': 1.2415799225211903}
[92mINFO [0m:      
[92mINFO [0m:      [ROUND 7/20]
[92mINFO [0m:      configure_train: Sampled 6 nodes (out of 6)
[92mINFO [0m:      aggregate_train: Received 6 results and 0 failures
[92mINFO [0m:      	└──> Aggregated MetricRecord: {'train_loss': 1.3480646832584757}
[92mINFO [0m:      Global evaluation
Server-side evaluation round 7: loss=1.1512, accuracy=0.5867
[92mINFO [0m:      	└──> MetricRecord: {'accuracy': 0.5867, 'loss': 1.1511975109197532}
[92mINFO [0m:      
[92mINFO [0m:      [ROUND 8/20]
[92mINFO [0m:      configure_train: Sampled 6 nodes (out of 6)
[92mINFO [0m:      aggregate_train: Received 6 results and 0 failures
[92mINFO [0m:      	└──> Aggregated MetricRecord: {'train_loss': 1.2590571274521487}
[92mINFO [0m:      Global evaluation
Server-side evaluation round 8: loss=1.0595, accuracy=0.6154
[92mINFO [0m:      	└──> MetricRecord: {'accuracy': 0.6154, 'loss': 1.0595179636766956}
[92mINFO [0m:      
[92mINFO [0m:      [ROUND 9/20]
[92mINFO [0m:      configure_train: Sampled 6 nodes (out of 6)
[92mINFO [0m:      aggregate_train: Received 6 results and 0 failures
[92mINFO [0m:      	└──> Aggregated MetricRecord: {'train_loss': 1.1768828294878204}
[92mINFO [0m:      Global evaluation
Server-side evaluation round 9: loss=0.9928, accuracy=0.6446
[92mINFO [0m:      	└──> MetricRecord: {'accuracy': 0.6446, 'loss': 0.9928245851948003}
[92mINFO [0m:      
[92mINFO [0m:      [ROUND 10/20]
[92mINFO [0m:      configure_train: Sampled 6 nodes (out of 6)
[92mINFO [0m:      aggregate_train: Received 6 results and 0 failures
[92mINFO [0m:      	└──> Aggregated MetricRecord: {'train_loss': 1.1067268422024563}
[92mINFO [0m:      Global evaluation
Server-side evaluation round 10: loss=0.9486, accuracy=0.6588
[92mINFO [0m:      	└──> MetricRecord: {'accuracy': 0.6588, 'loss': 0.9486438962304669}
[92mINFO [0m:      
[92mINFO [0m:      [ROUND 11/20]
[92mINFO [0m:      configure_train: Sampled 6 nodes (out of 6)
[92mINFO [0m:      aggregate_train: Received 6 results and 0 failures
[92mINFO [0m:      	└──> Aggregated MetricRecord: {'train_loss': 1.0426996373043744}
[92mINFO [0m:      Global evaluation
Server-side evaluation round 11: loss=0.8974, accuracy=0.6787
[92mINFO [0m:      	└──> MetricRecord: {'accuracy': 0.6787, 'loss': 0.89737466604087}
[92mINFO [0m:      
[92mINFO [0m:      [ROUND 12/20]
[92mINFO [0m:      configure_train: Sampled 6 nodes (out of 6)
[92mINFO [0m:      aggregate_train: Received 6 results and 0 failures
[92mINFO [0m:      	└──> Aggregated MetricRecord: {'train_loss': 0.9835160893359308}
[92mINFO [0m:      Global evaluation
Server-side evaluation round 12: loss=0.8461, accuracy=0.6971
[92mINFO [0m:      	└──> MetricRecord: {'accuracy': 0.6971, 'loss': 0.8461104263165954}
[92mINFO [0m:      
[92mINFO [0m:      [ROUND 13/20]
[92mINFO [0m:      configure_train: Sampled 6 nodes (out of 6)
[92mINFO [0m:      aggregate_train: Received 6 results and 0 failures
[92mINFO [0m:      	└──> Aggregated MetricRecord: {'train_loss': 0.9309702166663851}
[92mINFO [0m:      Global evaluation
Server-side evaluation round 13: loss=0.8321, accuracy=0.7052
[92mINFO [0m:      	└──> MetricRecord: {'accuracy': 0.7052, 'loss': 0.8320701213399316}
[92mINFO [0m:      
[92mINFO [0m:      [ROUND 14/20]
[92mINFO [0m:      configure_train: Sampled 6 nodes (out of 6)
[92mINFO [0m:      aggregate_train: Received 6 results and 0 failures
[92mINFO [0m:      	└──> Aggregated MetricRecord: {'train_loss': 0.8813549034549093}
[92mINFO [0m:      Global evaluation
Server-side evaluation round 14: loss=0.7798, accuracy=0.7235
[92mINFO [0m:      	└──> MetricRecord: {'accuracy': 0.7235, 'loss': 0.7798026667279043}
[92mINFO [0m:      
[92mINFO [0m:      [ROUND 15/20]
[92mINFO [0m:      configure_train: Sampled 6 nodes (out of 6)
[92mINFO [0m:      aggregate_train: Received 6 results and 0 failures
[92mINFO [0m:      	└──> Aggregated MetricRecord: {'train_loss': 0.8333165239232581}
[92mINFO [0m:      Global evaluation
Server-side evaluation round 15: loss=0.7770, accuracy=0.7288
[92mINFO [0m:      	└──> MetricRecord: {'accuracy': 0.7288, 'loss': 0.7770308719319143}
[92mINFO [0m:      
[92mINFO [0m:      [ROUND 16/20]
[92mINFO [0m:      configure_train: Sampled 6 nodes (out of 6)
[92mINFO [0m:      aggregate_train: Received 6 results and 0 failures
[92mINFO [0m:      	└──> Aggregated MetricRecord: {'train_loss': 0.7883247873964905}
[92mINFO [0m:      Global evaluation
Server-side evaluation round 16: loss=0.7513, accuracy=0.7371
[92mINFO [0m:      	└──> MetricRecord: {'accuracy': 0.7371, 'loss': 0.7512647557030817}
[92mINFO [0m:      
[92mINFO [0m:      [ROUND 17/20]
[92mINFO [0m:      configure_train: Sampled 6 nodes (out of 6)
[92mINFO [0m:      aggregate_train: Received 6 results and 0 failures
[92mINFO [0m:      	└──> Aggregated MetricRecord: {'train_loss': 0.7474317880544479}
[92mINFO [0m:      Global evaluation
Server-side evaluation round 17: loss=0.7400, accuracy=0.7423
[92mINFO [0m:      	└──> MetricRecord: {'accuracy': 0.7423, 'loss': 0.7400427339183298}
[92mINFO [0m:      
[92mINFO [0m:      [ROUND 18/20]
[92mINFO [0m:      configure_train: Sampled 6 nodes (out of 6)
[92mINFO [0m:      aggregate_train: Received 6 results and 0 failures
[92mINFO [0m:      	└──> Aggregated MetricRecord: {'train_loss': 0.7072599594672434}
[92mINFO [0m:      Global evaluation
Server-side evaluation round 18: loss=0.7184, accuracy=0.7539
[92mINFO [0m:      	└──> MetricRecord: {'accuracy': 0.7539, 'loss': 0.7183818760191559}
[92mINFO [0m:      
[92mINFO [0m:      [ROUND 19/20]
[92mINFO [0m:      configure_train: Sampled 6 nodes (out of 6)
[92mINFO [0m:      aggregate_train: Received 6 results and 0 failures
[92mINFO [0m:      	└──> Aggregated MetricRecord: {'train_loss': 0.6756183107767066}
[92mINFO [0m:      Global evaluation
Server-side evaluation round 19: loss=0.7270, accuracy=0.7497
[92mINFO [0m:      	└──> MetricRecord: {'accuracy': 0.7497, 'loss': 0.7269669830039808}
[92mINFO [0m:      
[92mINFO [0m:      [ROUND 20/20]
[92mINFO [0m:      configure_train: Sampled 6 nodes (out of 6)
[92mINFO [0m:      aggregate_train: Received 6 results and 0 failures
[92mINFO [0m:      	└──> Aggregated MetricRecord: {'train_loss': 0.6368533095328653}
[92mINFO [0m:      Global evaluation
Server-side evaluation round 20: loss=0.7117, accuracy=0.7604
[92mINFO [0m:      	└──> MetricRecord: {'accuracy': 0.7604, 'loss': 0.7117222862638486}
[92mINFO [0m:      
[92mINFO [0m:      Strategy execution finished in 432.29s
[92mINFO [0m:      
[92mINFO [0m:      Final results:
[92mINFO [0m:      
[92mINFO [0m:      	Global Arrays:
[92mINFO [0m:      		ArrayRecord (42.677 MB)
[92mINFO [0m:      	
[92mINFO [0m:      	Aggregated ClientApp-side Train Metrics:
[92mINFO [0m:      	{ 1: {'train_loss': '2.3892e+00'},
[92mINFO [0m:      	  2: {'train_loss': '1.9633e+00'},
[92mINFO [0m:      	  3: {'train_loss': '1.7786e+00'},
[92mINFO [0m:      	  4: {'train_loss': '1.6532e+00'},
[92mINFO [0m:      	  5: {'train_loss': '1.5462e+00'},
[92mINFO [0m:      	  6: {'train_loss': '1.4434e+00'},
[92mINFO [0m:      	  7: {'train_loss': '1.3481e+00'},
[92mINFO [0m:      	  8: {'train_loss': '1.2591e+00'},
[92mINFO [0m:      	  9: {'train_loss': '1.1769e+00'},
[92mINFO [0m:      	  10: {'train_loss': '1.1067e+00'},
[92mINFO [0m:      	  11: {'train_loss': '1.0427e+00'},
[92mINFO [0m:      	  12: {'train_loss': '9.8352e-01'},
[92mINFO [0m:      	  13: {'train_loss': '9.3097e-01'},
[92mINFO [0m:      	  14: {'train_loss': '8.8135e-01'},
[92mINFO [0m:      	  15: {'train_loss': '8.3332e-01'},
[92mINFO [0m:      	  16: {'train_loss': '7.8832e-01'},
[92mINFO [0m:      	  17: {'train_loss': '7.4743e-01'},
[92mINFO [0m:      	  18: {'train_loss': '7.0726e-01'},
[92mINFO [0m:      	  19: {'train_loss': '6.7562e-01'},
[92mINFO [0m:      	  20: {'train_loss': '6.3685e-01'}}
[92mINFO [0m:      	
[92mINFO [0m:      	Aggregated ClientApp-side Evaluate Metrics:
[92mINFO [0m:      	{}
[92mINFO [0m:      	
[92mINFO [0m:      	ServerApp-side Evaluate Metrics:
[92mINFO [0m:      	{ 0: {'accuracy': '1.0000e-01', 'loss': '2.9329e+00'},
[92mINFO [0m:      	  1: {'accuracy': '1.0000e-01', 'loss': '2.3298e+00'},
[92mINFO [0m:      	  2: {'accuracy': '3.2510e-01', 'loss': '1.8553e+00'},
[92mINFO [0m:      	  3: {'accuracy': '4.1960e-01', 'loss': '1.5661e+00'},
[92mINFO [0m:      	  4: {'accuracy': '4.7430e-01', 'loss': '1.4271e+00'},
[92mINFO [0m:      	  5: {'accuracy': '5.1510e-01', 'loss': '1.3211e+00'},
[92mINFO [0m:      	  6: {'accuracy': '5.4780e-01', 'loss': '1.2416e+00'},
[92mINFO [0m:      	  7: {'accuracy': '5.8670e-01', 'loss': '1.1512e+00'},
[92mINFO [0m:      	  8: {'accuracy': '6.1540e-01', 'loss': '1.0595e+00'},
[92mINFO [0m:      	  9: {'accuracy': '6.4460e-01', 'loss': '9.9282e-01'},
[92mINFO [0m:      	  10: {'accuracy': '6.5880e-01', 'loss': '9.4864e-01'},
[92mINFO [0m:      	  11: {'accuracy': '6.7870e-01', 'loss': '8.9737e-01'},
[92mINFO [0m:      	  12: {'accuracy': '6.9710e-01', 'loss': '8.4611e-01'},
[92mINFO [0m:      	  13: {'accuracy': '7.0520e-01', 'loss': '8.3207e-01'},
[92mINFO [0m:      	  14: {'accuracy': '7.2350e-01', 'loss': '7.7980e-01'},
[92mINFO [0m:      	  15: {'accuracy': '7.2880e-01', 'loss': '7.7703e-01'},
[92mINFO [0m:      	  16: {'accuracy': '7.3710e-01', 'loss': '7.5126e-01'},
[92mINFO [0m:      	  17: {'accuracy': '7.4230e-01', 'loss': '7.4004e-01'},
[92mINFO [0m:      	  18: {'accuracy': '7.5390e-01', 'loss': '7.1838e-01'},
[92mINFO [0m:      	  19: {'accuracy': '7.4970e-01', 'loss': '7.2697e-01'},
[92mINFO [0m:      	  20: {'accuracy': '7.6040e-01', 'loss': '7.1172e-01'}}
[92mINFO [0m:      

Saving final model to disk...
[36m(ClientAppActor pid=20460)[0m [2026-06-14 16:52:18,822 E 20460 20644] core_worker_process.cc:825: Failed to establish connection to the metrics exporter agent. Metrics will not be exported. Exporter agent status: RpcError: Running out of retries to initialize the metrics agent. rpc_code: 14[32m [repeated 5x across cluster][0m
[92mINFO [0m:      
