🎊 Successfully started run 17330253472915150111
[92mINFO [0m:      Starting Flower Simulation
[INFO] Federated algorithm mode: fedsgd
[INFO] Server strategy mode: fedavgm
[93mWARNING [0m:   fraction_evaluate is set to 0.0. Federated evaluation will be skipped.
[92mINFO [0m:      Starting FedAvgM strategy:
[92mINFO [0m:      	├── Number of rounds: 5
[92mINFO [0m:      	├── ArrayRecord (42.68 MB)
[92mINFO [0m:      	├── ConfigRecord (train): {'lr': 0.05}
[92mINFO [0m:      	├── ConfigRecord (evaluate): (empty!)
[92mINFO [0m:      	├──> FedAvgM settings:
[92mINFO [0m:      	│	├── Server optimization: ON
[92mINFO [0m:      	│	├── Server learning rate: 0.1
[92mINFO [0m:      	│	└── Server Momentum: 0.9
[92mINFO [0m:      	├──> Sampling:
[92mINFO [0m:      	│	├──Fraction: train (1.00) | evaluate ( 0.00)
[92mINFO [0m:      	│	├──Minimum nodes: train (1) | evaluate (0)
[92mINFO [0m:      	│	└──Minimum available nodes: 1
[92mINFO [0m:      	└──> Keys in records:
[92mINFO [0m:      		├── Weighted by: 'num-examples'
[92mINFO [0m:      		├── ArrayRecord key: 'arrays'
[92mINFO [0m:      		└── ConfigRecord key: 'config'
[92mINFO [0m:      
/home/rruiz/Privacy-and-Security-Evaluation-of-Federated-Learning/.venv/lib/python3.12/site-packages/ray/_private/worker.py:2051: FutureWarning: Tip: In future versions of Ray, Ray will no longer override accelerator visible devices env var if num_gpus=0 or num_gpus=None (default). To enable this behavior and turn off this error message, set RAY_ACCEL_ENV_VAR_OVERRIDE_ON_ZERO=0
  warnings.warn(
Warning: You are sending unauthenticated requests to the HF Hub. Please set a HF_TOKEN to enable higher rate limits and faster downloads.
Server-side evaluation round 0: loss=2.9329, accuracy=0.1000
[92mINFO [0m:      Initial global evaluation results: {'accuracy': 0.1, 'loss': 2.9328789893229295}
[92mINFO [0m:      
[92mINFO [0m:      [ROUND 1/5]
[92mINFO [0m:      configure_train: Sampled 6 nodes (out of 6)
[36m(ClientAppActor pid=10691)[0m Warning: You are sending unauthenticated requests to the HF Hub. Please set a HF_TOKEN to enable higher rate limits and faster downloads.
[92mINFO [0m:      aggregate_train: Received 6 results and 0 failures
[92mINFO [0m:      	└──> Aggregated MetricRecord: {'train_loss': 2.375646800480817}
[92mINFO [0m:      Global evaluation
[36m(pid=gcs_server)[0m [2026-06-14 15:45:20,864 E 10014 10014] (gcs_server) gcs_server.cc:302: Failed to establish connection to the event+metrics exporter agent. Events and metrics will not be exported. Exporter agent status: RpcError: Running out of retries to initialize the metrics agent. rpc_code: 14
[36m(ClientAppActor pid=10694)[0m Warning: You are sending unauthenticated requests to the HF Hub. Please set a HF_TOKEN to enable higher rate limits and faster downloads.[32m [repeated 3x across cluster] (Ray deduplicates logs by default. Set RAY_DEDUP_LOGS=0 to disable log deduplication, or see https://docs.ray.io/en/master/ray-observability/user-guides/configure-logging.html#log-deduplication for more options.)[0m
[33m(raylet)[0m [2026-06-14 15:45:21,639 E 10243 10243] (raylet) main.cc:975: Failed to establish connection to the metrics exporter agent. Metrics will not be exported. Exporter agent status: RpcError: Running out of retries to initialize the metrics agent. rpc_code: 14
Server-side evaluation round 1: loss=2.6043, accuracy=0.0954
[92mINFO [0m:      	└──> MetricRecord: {'accuracy': 0.0954, 'loss': 2.6042683504189656}
[92mINFO [0m:      
[92mINFO [0m:      [ROUND 2/5]
[92mINFO [0m:      configure_train: Sampled 6 nodes (out of 6)
[36m(pid=10333)[0m [2026-06-14 15:45:22,044 E 10333 10518] core_worker_process.cc:825: Failed to establish connection to the metrics exporter agent. Metrics will not be exported. Exporter agent status: RpcError: Running out of retries to initialize the metrics agent. rpc_code: 14
[92mINFO [0m:      aggregate_train: Received 6 results and 0 failures
[92mINFO [0m:      	└──> Aggregated MetricRecord: {'train_loss': 2.3541118259030323}
[92mINFO [0m:      Global evaluation
Server-side evaluation round 2: loss=2.3758, accuracy=0.0640
[92mINFO [0m:      	└──> MetricRecord: {'accuracy': 0.064, 'loss': 2.3757778975614317}
[92mINFO [0m:      
[92mINFO [0m:      [ROUND 3/5]
[92mINFO [0m:      configure_train: Sampled 6 nodes (out of 6)
[92mINFO [0m:      aggregate_train: Received 6 results and 0 failures
[92mINFO [0m:      	└──> Aggregated MetricRecord: {'train_loss': 2.3248199887964525}
[92mINFO [0m:      Global evaluation
Server-side evaluation round 3: loss=2.3096, accuracy=0.0915
[92mINFO [0m:      	└──> MetricRecord: {'accuracy': 0.0915, 'loss': 2.3095997792140692}
[92mINFO [0m:      
[92mINFO [0m:      [ROUND 4/5]
[92mINFO [0m:      configure_train: Sampled 6 nodes (out of 6)
[92mINFO [0m:      aggregate_train: Received 6 results and 0 failures
[92mINFO [0m:      	└──> Aggregated MetricRecord: {'train_loss': 2.3016118613700463}
[92mINFO [0m:      Global evaluation
Server-side evaluation round 4: loss=2.2958, accuracy=0.1066
[92mINFO [0m:      	└──> MetricRecord: {'accuracy': 0.1066, 'loss': 2.295770722589675}
[92mINFO [0m:      
[92mINFO [0m:      [ROUND 5/5]
[92mINFO [0m:      configure_train: Sampled 6 nodes (out of 6)
[92mINFO [0m:      aggregate_train: Received 6 results and 0 failures
[92mINFO [0m:      	└──> Aggregated MetricRecord: {'train_loss': 2.2899013576796547}
[92mINFO [0m:      Global evaluation
Server-side evaluation round 5: loss=2.2991, accuracy=0.1143
[92mINFO [0m:      	└──> MetricRecord: {'accuracy': 0.1143, 'loss': 2.299127792856496}
[92mINFO [0m:      
[92mINFO [0m:      Strategy execution finished in 104.39s
[92mINFO [0m:      
[92mINFO [0m:      Final results:
[92mINFO [0m:      
[92mINFO [0m:      	Global Arrays:
[92mINFO [0m:      		ArrayRecord (42.677 MB)
[92mINFO [0m:      	
[92mINFO [0m:      	Aggregated ClientApp-side Train Metrics:
[92mINFO [0m:      	{ 1: {'train_loss': '2.3756e+00'},
[92mINFO [0m:      	  2: {'train_loss': '2.3541e+00'},
[92mINFO [0m:      	  3: {'train_loss': '2.3248e+00'},
[92mINFO [0m:      	  4: {'train_loss': '2.3016e+00'},
[92mINFO [0m:      	  5: {'train_loss': '2.2899e+00'}}
[92mINFO [0m:      	
[92mINFO [0m:      	Aggregated ClientApp-side Evaluate Metrics:
[92mINFO [0m:      	{}
[92mINFO [0m:      	
[92mINFO [0m:      	ServerApp-side Evaluate Metrics:
[92mINFO [0m:      	{ 0: {'accuracy': '1.0000e-01', 'loss': '2.9329e+00'},
[92mINFO [0m:      	  1: {'accuracy': '9.5400e-02', 'loss': '2.6043e+00'},
[92mINFO [0m:      	  2: {'accuracy': '6.4000e-02', 'loss': '2.3758e+00'},
[92mINFO [0m:      	  3: {'accuracy': '9.1500e-02', 'loss': '2.3096e+00'},
[92mINFO [0m:      	  4: {'accuracy': '1.0660e-01', 'loss': '2.2958e+00'},
[92mINFO [0m:      	  5: {'accuracy': '1.1430e-01', 'loss': '2.2991e+00'}}
[92mINFO [0m:      

Saving final model to disk...
[36m(ClientAppActor pid=10694)[0m [2026-06-14 15:45:22,775 E 10694 10846] core_worker_process.cc:825: Failed to establish connection to the metrics exporter agent. Metrics will not be exported. Exporter agent status: RpcError: Running out of retries to initialize the metrics agent. rpc_code: 14[32m [repeated 5x across cluster][0m
[92mINFO [0m:      
