🎊 Successfully started run 14911759492360185054
[92mINFO [0m:      Starting Flower Simulation
[93mWARNING [0m:   fraction_evaluate is set to 0.0. Federated evaluation will be skipped.
[92mINFO [0m:      Starting FedAvg strategy:
[92mINFO [0m:      	├── Number of rounds: 5
[92mINFO [0m:      	├── ArrayRecord (42.68 MB)
[92mINFO [0m:      	├── ConfigRecord (train): {'lr': 0.02}
[92mINFO [0m:      	├── ConfigRecord (evaluate): (empty!)
[92mINFO [0m:      	├──> Sampling:
[92mINFO [0m:      	│	├──Fraction: train (1.00) | evaluate ( 0.00)
[92mINFO [0m:      	│	├──Minimum nodes: train (1) | evaluate (0)
[92mINFO [0m:      	│	└──Minimum available nodes: 1
[92mINFO [0m:      	└──> Keys in records:
[92mINFO [0m:      		├── Weighted by: 'num-examples'
[92mINFO [0m:      		├── ArrayRecord key: 'arrays'
[92mINFO [0m:      		└── ConfigRecord key: 'config'
[92mINFO [0m:      
Warning: You are sending unauthenticated requests to the HF Hub. Please set a HF_TOKEN to enable higher rate limits and faster downloads.
/home/rruiz/Privacy-and-Security-Evaluation-of-Federated-Learning/.venv/lib/python3.12/site-packages/ray/_private/worker.py:2051: FutureWarning: Tip: In future versions of Ray, Ray will no longer override accelerator visible devices env var if num_gpus=0 or num_gpus=None (default). To enable this behavior and turn off this error message, set RAY_ACCEL_ENV_VAR_OVERRIDE_ON_ZERO=0
  warnings.warn(
Server-side evaluation round 0: loss=2.9329, accuracy=0.1000
[92mINFO [0m:      Initial global evaluation results: {'accuracy': 0.1, 'loss': 2.9328789893229295}
[92mINFO [0m:      
[92mINFO [0m:      [ROUND 1/5]
[92mINFO [0m:      configure_train: Sampled 6 nodes (out of 6)
[36m(ClientAppActor pid=26984)[0m Warning: You are sending unauthenticated requests to the HF Hub. Please set a HF_TOKEN to enable higher rate limits and faster downloads.
[36m(pid=gcs_server)[0m [2026-06-07 19:44:03,965 E 26212 26212] (gcs_server) gcs_server.cc:302: Failed to establish connection to the event+metrics exporter agent. Events and metrics will not be exported. Exporter agent status: RpcError: Running out of retries to initialize the metrics agent. rpc_code: 14
[36m(ClientAppActor pid=26983)[0m Warning: You are sending unauthenticated requests to the HF Hub. Please set a HF_TOKEN to enable higher rate limits and faster downloads.
[33m(raylet)[0m [2026-06-07 19:44:04,848 E 26445 26445] (raylet) main.cc:975: Failed to establish connection to the metrics exporter agent. Metrics will not be exported. Exporter agent status: RpcError: Running out of retries to initialize the metrics agent. rpc_code: 14
[36m(pid=26536)[0m [2026-06-07 19:44:05,329 E 26536 26718] core_worker_process.cc:825: Failed to establish connection to the metrics exporter agent. Metrics will not be exported. Exporter agent status: RpcError: Running out of retries to initialize the metrics agent. rpc_code: 14
[92mINFO [0m:      aggregate_train: Received 6 results and 0 failures
[92mINFO [0m:      	└──> Aggregated MetricRecord: {'train_loss': 1.4343002691192779}
[92mINFO [0m:      Global evaluation
Server-side evaluation round 1: loss=2.6165, accuracy=0.1033
[92mINFO [0m:      	└──> MetricRecord: {'accuracy': 0.1033, 'loss': 2.616505814206069}
[92mINFO [0m:      
[92mINFO [0m:      [ROUND 2/5]
[92mINFO [0m:      configure_train: Sampled 6 nodes (out of 6)
[92mINFO [0m:      aggregate_train: Received 6 results and 0 failures
[92mINFO [0m:      	└──> Aggregated MetricRecord: {'train_loss': 0.995600360562471}
[92mINFO [0m:      Global evaluation
Server-side evaluation round 2: loss=1.3397, accuracy=0.5315
[92mINFO [0m:      	└──> MetricRecord: {'accuracy': 0.5315, 'loss': 1.3397052808172385}
[92mINFO [0m:      
[92mINFO [0m:      [ROUND 3/5]
[92mINFO [0m:      configure_train: Sampled 6 nodes (out of 6)
[92mINFO [0m:      aggregate_train: Received 6 results and 0 failures
[92mINFO [0m:      	└──> Aggregated MetricRecord: {'train_loss': 0.6453413068615157}
[92mINFO [0m:      Global evaluation
Server-side evaluation round 3: loss=0.5367, accuracy=0.8212
[92mINFO [0m:      	└──> MetricRecord: {'accuracy': 0.8212, 'loss': 0.536715863711515}
[92mINFO [0m:      
[92mINFO [0m:      [ROUND 4/5]
[92mINFO [0m:      configure_train: Sampled 6 nodes (out of 6)
[92mINFO [0m:      aggregate_train: Received 6 results and 0 failures
[92mINFO [0m:      	└──> Aggregated MetricRecord: {'train_loss': 0.4757188445377688}
[92mINFO [0m:      Global evaluation
Server-side evaluation round 4: loss=0.4725, accuracy=0.8447
[92mINFO [0m:      	└──> MetricRecord: {'accuracy': 0.8447, 'loss': 0.47249793707375315}
[92mINFO [0m:      
[92mINFO [0m:      [ROUND 5/5]
[92mINFO [0m:      configure_train: Sampled 6 nodes (out of 6)
[92mINFO [0m:      aggregate_train: Received 6 results and 0 failures
[92mINFO [0m:      	└──> Aggregated MetricRecord: {'train_loss': 0.37954695857535653}
[92mINFO [0m:      Global evaluation
Server-side evaluation round 5: loss=0.4151, accuracy=0.8672
[92mINFO [0m:      	└──> MetricRecord: {'accuracy': 0.8672, 'loss': 0.4151421476891086}
[92mINFO [0m:      
[92mINFO [0m:      Strategy execution finished in 949.72s
[92mINFO [0m:      
[92mINFO [0m:      Final results:
[92mINFO [0m:      
[92mINFO [0m:      	Global Arrays:
[92mINFO [0m:      		ArrayRecord (42.677 MB)
[92mINFO [0m:      	
[92mINFO [0m:      	Aggregated ClientApp-side Train Metrics:
[92mINFO [0m:      	{ 1: {'train_loss': '1.4343e+00'},
[92mINFO [0m:      	  2: {'train_loss': '9.9560e-01'},
[92mINFO [0m:      	  3: {'train_loss': '6.4534e-01'},
[92mINFO [0m:      	  4: {'train_loss': '4.7572e-01'},
[92mINFO [0m:      	  5: {'train_loss': '3.7955e-01'}}
[92mINFO [0m:      	
[92mINFO [0m:      	Aggregated ClientApp-side Evaluate Metrics:
[92mINFO [0m:      	{}
[92mINFO [0m:      	
[92mINFO [0m:      	ServerApp-side Evaluate Metrics:
[92mINFO [0m:      	{ 0: {'accuracy': '1.0000e-01', 'loss': '2.9329e+00'},
[92mINFO [0m:      	  1: {'accuracy': '1.0330e-01', 'loss': '2.6165e+00'},
[92mINFO [0m:      	  2: {'accuracy': '5.3150e-01', 'loss': '1.3397e+00'},
[92mINFO [0m:      	  3: {'accuracy': '8.2120e-01', 'loss': '5.3672e-01'},
[92mINFO [0m:      	  4: {'accuracy': '8.4470e-01', 'loss': '4.7250e-01'},
[92mINFO [0m:      	  5: {'accuracy': '8.6720e-01', 'loss': '4.1514e-01'}}
[92mINFO [0m:      

Saving final model to disk...
[36m(ClientAppActor pid=26983)[0m [2026-06-07 19:44:06,078 E 26983 27064] core_worker_process.cc:825: Failed to establish connection to the metrics exporter agent. Metrics will not be exported. Exporter agent status: RpcError: Running out of retries to initialize the metrics agent. rpc_code: 14[32m [repeated 7x across cluster] (Ray deduplicates logs by default. Set RAY_DEDUP_LOGS=0 to disable log deduplication, or see https://docs.ray.io/en/master/ray-observability/user-guides/configure-logging.html#log-deduplication for more options.)[0m
[92mINFO [0m:      
